{"W:\\01_PURE_CODE\\2026_PROJECTS\\playson-workspace\\playson\\src\\__tests__\\fixtures\\valid-project\\handlers\\debug.handler.ts": {"path":"W:\\01_PURE_CODE\\2026_PROJECTS\\playson-workspace\\playson\\src\\__tests__\\fixtures\\valid-project\\handlers\\debug.handler.ts","statementMap":{"0":{"start":{"line":2,"column":2},"end":{"line":2,"column":null}}},"fnMap":{"0":{"name":"run","decl":{"start":{"line":1,"column":22},"end":{"line":1,"column":26}},"loc":{"start":{"line":1,"column":36},"end":{"line":2,"column":null}},"line":1}},"branchMap":{},"s":{"0":0},"f":{"0":0},"b":{},"meta":{"lastBranch":0,"lastFunction":1,"lastStatement":1,"seen":{"f:1:22:1:26":0,"s:2:2:2:Infinity":0}}}
,"W:\\01_PURE_CODE\\2026_PROJECTS\\playson-workspace\\playson\\src\\autofill\\field-filter.ts": {"path":"W:\\01_PURE_CODE\\2026_PROJECTS\\playson-workspace\\playson\\src\\autofill\\field-filter.ts","statementMap":{"0":{"start":{"line":7,"column":2},"end":{"line":8,"column":null}},"1":{"start":{"line":8,"column":4},"end":{"line":8,"column":null}},"2":{"start":{"line":8,"column":46},"end":{"line":8,"column":67}},"3":{"start":{"line":11,"column":2},"end":{"line":12,"column":null}},"4":{"start":{"line":12,"column":4},"end":{"line":12,"column":null}},"5":{"start":{"line":12,"column":35},"end":{"line":12,"column":68}},"6":{"start":{"line":15,"column":2},"end":{"line":15,"column":null}}},"fnMap":{"0":{"name":"applyFieldFilter","decl":{"start":{"line":6,"column":16},"end":{"line":6,"column":33}},"loc":{"start":{"line":6,"column":88},"end":{"line":15,"column":null}},"line":6},"1":{"name":"(anonymous_1)","decl":{"start":{"line":8,"column":32},"end":{"line":8,"column":40}},"loc":{"start":{"line":8,"column":46},"end":{"line":8,"column":67}},"line":8},"2":{"name":"(anonymous_2)","decl":{"start":{"line":12,"column":21},"end":{"line":12,"column":29}},"loc":{"start":{"line":12,"column":35},"end":{"line":12,"column":68}},"line":12}},"branchMap":{"0":{"loc":{"start":{"line":7,"column":2},"end":{"line":8,"column":null}},"type":"if","locations":[{"start":{"line":7,"column":2},"end":{"line":8,"column":null}},{"start":{},"end":{}}],"line":7},"1":{"loc":{"start":{"line":7,"column":6},"end":{"line":7,"column":68}},"type":"binary-expr","locations":[{"start":{"line":7,"column":6},"end":{"line":7,"column":35}},{"start":{"line":7,"column":35},"end":{"line":7,"column":68}}],"line":7},"2":{"loc":{"start":{"line":11,"column":2},"end":{"line":12,"column":null}},"type":"if","locations":[{"start":{"line":11,"column":2},"end":{"line":12,"column":null}},{"start":{},"end":{}}],"line":11},"3":{"loc":{"start":{"line":11,"column":6},"end":{"line":11,"column":68}},"type":"binary-expr","locations":[{"start":{"line":11,"column":6},"end":{"line":11,"column":35}},{"start":{"line":11,"column":35},"end":{"line":11,"column":68}}],"line":11}},"s":{"0":10,"1":0,"2":0,"3":10,"4":0,"5":0,"6":10},"f":{"0":10,"1":0,"2":0},"b":{"0":[0,10],"1":[10,0],"2":[0,10],"3":[10,0]},"meta":{"lastBranch":4,"lastFunction":3,"lastStatement":7,"seen":{"f:6:16:6:33":0,"b:7:2:8:Infinity:undefined:undefined:undefined:undefined":0,"s:7:2:8:Infinity":0,"b:7:6:7:35:7:35:7:68":1,"s:8:4:8:Infinity":1,"f:8:32:8:40":1,"s:8:46:8:67":2,"b:11:2:12:Infinity:undefined:undefined:undefined:undefined":2,"s:11:2:12:Infinity":3,"b:11:6:11:35:11:35:11:68":3,"s:12:4:12:Infinity":4,"f:12:21:12:29":2,"s:12:35:12:68":5,"s:15:2:15:Infinity":6}}}
,"W:\\01_PURE_CODE\\2026_PROJECTS\\playson-workspace\\playson\\src\\autofill\\schema-generator.ts": {"path":"W:\\01_PURE_CODE\\2026_PROJECTS\\playson-workspace\\playson\\src\\autofill\\schema-generator.ts","statementMap":{"0":{"start":{"line":15,"column":21},"end":{"line":15,"column":null}},"1":{"start":{"line":16,"column":2},"end":{"line":18,"column":null}},"2":{"start":{"line":17,"column":17},"end":{"line":17,"column":56}},"3":{"start":{"line":18,"column":4},"end":{"line":18,"column":null}},"4":{"start":{"line":21,"column":21},"end":{"line":21,"column":50}},"5":{"start":{"line":22,"column":20},"end":{"line":22,"column":43}},"6":{"start":{"line":23,"column":8},"end":{"line":23,"column":64}},"7":{"start":{"line":25,"column":2},"end":{"line":30,"column":null}},"8":{"start":{"line":26,"column":32},"end":{"line":28,"column":null}},"9":{"start":{"line":34,"column":2},"end":{"line":34,"column":null}},"10":{"start":{"line":34,"column":15},"end":{"line":34,"column":null}},"11":{"start":{"line":35,"column":2},"end":{"line":35,"column":null}},"12":{"start":{"line":35,"column":18},"end":{"line":35,"column":null}},"13":{"start":{"line":38,"column":2},"end":{"line":44,"column":null}},"14":{"start":{"line":39,"column":17},"end":{"line":39,"column":56}},"15":{"start":{"line":40,"column":19},"end":{"line":40,"column":39}},"16":{"start":{"line":41,"column":4},"end":{"line":42,"column":null}},"17":{"start":{"line":42,"column":6},"end":{"line":42,"column":null}},"18":{"start":{"line":44,"column":4},"end":{"line":44,"column":null}},"19":{"start":{"line":47,"column":2},"end":{"line":47,"column":null}},"20":{"start":{"line":47,"column":36},"end":{"line":47,"column":null}},"21":{"start":{"line":48,"column":2},"end":{"line":48,"column":null}},"22":{"start":{"line":48,"column":27},"end":{"line":48,"column":null}},"23":{"start":{"line":50,"column":2},"end":{"line":63,"column":null}},"24":{"start":{"line":52,"column":6},"end":{"line":52,"column":null}},"25":{"start":{"line":55,"column":6},"end":{"line":55,"column":null}},"26":{"start":{"line":57,"column":6},"end":{"line":57,"column":null}},"27":{"start":{"line":59,"column":6},"end":{"line":59,"column":null}},"28":{"start":{"line":61,"column":6},"end":{"line":61,"column":null}},"29":{"start":{"line":63,"column":6},"end":{"line":63,"column":null}},"30":{"start":{"line":68,"column":2},"end":{"line":68,"column":null}},"31":{"start":{"line":68,"column":33},"end":{"line":68,"column":null}},"32":{"start":{"line":69,"column":2},"end":{"line":69,"column":null}},"33":{"start":{"line":69,"column":32},"end":{"line":69,"column":null}},"34":{"start":{"line":70,"column":2},"end":{"line":70,"column":null}},"35":{"start":{"line":70,"column":32},"end":{"line":70,"column":null}},"36":{"start":{"line":71,"column":2},"end":{"line":71,"column":null}},"37":{"start":{"line":71,"column":37},"end":{"line":71,"column":null}},"38":{"start":{"line":72,"column":2},"end":{"line":72,"column":null}},"39":{"start":{"line":72,"column":31},"end":{"line":72,"column":null}},"40":{"start":{"line":74,"column":17},"end":{"line":74,"column":null}},"41":{"start":{"line":75,"column":2},"end":{"line":75,"column":null}},"42":{"start":{"line":79,"column":14},"end":{"line":79,"column":null}},"43":{"start":{"line":80,"column":14},"end":{"line":80,"column":null}},"44":{"start":{"line":81,"column":2},"end":{"line":83,"column":null}}},"fnMap":{"0":{"name":"generateFromSchema","decl":{"start":{"line":8,"column":16},"end":{"line":8,"column":null}},"loc":{"start":{"line":13,"column":27},"end":{"line":30,"column":null}},"line":13},"1":{"name":"(anonymous_1)","decl":{"start":{"line":26,"column":17},"end":{"line":26,"column":22}},"loc":{"start":{"line":26,"column":32},"end":{"line":28,"column":null}},"line":26},"2":{"name":"generateValueForField","decl":{"start":{"line":33,"column":9},"end":{"line":33,"column":31}},"loc":{"start":{"line":33,"column":94},"end":{"line":63,"column":null}},"line":33},"3":{"name":"generateString","decl":{"start":{"line":67,"column":9},"end":{"line":67,"column":24}},"loc":{"start":{"line":67,"column":45},"end":{"line":75,"column":null}},"line":67},"4":{"name":"generateNumber","decl":{"start":{"line":78,"column":9},"end":{"line":78,"column":24}},"loc":{"start":{"line":78,"column":45},"end":{"line":83,"column":null}},"line":78}},"branchMap":{"0":{"loc":{"start":{"line":11,"column":2},"end":{"line":11,"column":42}},"type":"default-arg","locations":[{"start":{"line":11,"column":33},"end":{"line":11,"column":42}}],"line":11},"1":{"loc":{"start":{"line":12,"column":2},"end":{"line":12,"column":null}},"type":"default-arg","locations":[{"start":{"line":12,"column":10},"end":{"line":12,"column":null}}],"line":12},"2":{"loc":{"start":{"line":16,"column":2},"end":{"line":18,"column":null}},"type":"if","locations":[{"start":{"line":16,"column":2},"end":{"line":18,"column":null}},{"start":{},"end":{}}],"line":16},"3":{"loc":{"start":{"line":18,"column":19},"end":{"line":18,"column":null}},"type":"binary-expr","locations":[{"start":{"line":18,"column":19},"end":{"line":18,"column":39}},{"start":{"line":18,"column":43},"end":{"line":18,"column":null}}],"line":18},"4":{"loc":{"start":{"line":21,"column":21},"end":{"line":21,"column":50}},"type":"binary-expr","locations":[{"start":{"line":21,"column":21},"end":{"line":21,"column":48}},{"start":{"line":21,"column":48},"end":{"line":21,"column":50}}],"line":21},"5":{"loc":{"start":{"line":33,"column":74},"end":{"line":33,"column":94}},"type":"default-arg","locations":[{"start":{"line":33,"column":82},"end":{"line":33,"column":94}}],"line":33},"6":{"loc":{"start":{"line":34,"column":2},"end":{"line":34,"column":null}},"type":"if","locations":[{"start":{"line":34,"column":2},"end":{"line":34,"column":null}},{"start":{},"end":{}}],"line":34},"7":{"loc":{"start":{"line":35,"column":2},"end":{"line":35,"column":null}},"type":"if","locations":[{"start":{"line":35,"column":2},"end":{"line":35,"column":null}},{"start":{},"end":{}}],"line":35},"8":{"loc":{"start":{"line":38,"column":2},"end":{"line":44,"column":null}},"type":"if","locations":[{"start":{"line":38,"column":2},"end":{"line":44,"column":null}},{"start":{},"end":{}}],"line":38},"9":{"loc":{"start":{"line":41,"column":4},"end":{"line":42,"column":null}},"type":"if","locations":[{"start":{"line":41,"column":4},"end":{"line":42,"column":null}},{"start":{},"end":{}}],"line":41},"10":{"loc":{"start":{"line":47,"column":2},"end":{"line":47,"column":null}},"type":"if","locations":[{"start":{"line":47,"column":2},"end":{"line":47,"column":null}},{"start":{},"end":{}}],"line":47},"11":{"loc":{"start":{"line":48,"column":2},"end":{"line":48,"column":null}},"type":"if","locations":[{"start":{"line":48,"column":2},"end":{"line":48,"column":null}},{"start":{},"end":{}}],"line":48},"12":{"loc":{"start":{"line":50,"column":2},"end":{"line":63,"column":null}},"type":"switch","locations":[{"start":{"line":51,"column":4},"end":{"line":52,"column":null}},{"start":{"line":53,"column":4},"end":{"line":53,"column":null}},{"start":{"line":54,"column":4},"end":{"line":55,"column":null}},{"start":{"line":56,"column":4},"end":{"line":57,"column":null}},{"start":{"line":58,"column":4},"end":{"line":59,"column":null}},{"start":{"line":60,"column":4},"end":{"line":61,"column":null}},{"start":{"line":62,"column":4},"end":{"line":63,"column":null}}],"line":50},"13":{"loc":{"start":{"line":61,"column":13},"end":{"line":61,"column":91}},"type":"cond-expr","locations":[{"start":{"line":61,"column":33},"end":{"line":61,"column":86}},{"start":{"line":61,"column":89},"end":{"line":61,"column":91}}],"line":61},"14":{"loc":{"start":{"line":68,"column":2},"end":{"line":68,"column":null}},"type":"if","locations":[{"start":{"line":68,"column":2},"end":{"line":68,"column":null}},{"start":{},"end":{}}],"line":68},"15":{"loc":{"start":{"line":69,"column":2},"end":{"line":69,"column":null}},"type":"if","locations":[{"start":{"line":69,"column":2},"end":{"line":69,"column":null}},{"start":{},"end":{}}],"line":69},"16":{"loc":{"start":{"line":70,"column":2},"end":{"line":70,"column":null}},"type":"if","locations":[{"start":{"line":70,"column":2},"end":{"line":70,"column":null}},{"start":{},"end":{}}],"line":70},"17":{"loc":{"start":{"line":71,"column":2},"end":{"line":71,"column":null}},"type":"if","locations":[{"start":{"line":71,"column":2},"end":{"line":71,"column":null}},{"start":{},"end":{}}],"line":71},"18":{"loc":{"start":{"line":72,"column":2},"end":{"line":72,"column":null}},"type":"if","locations":[{"start":{"line":72,"column":2},"end":{"line":72,"column":null}},{"start":{},"end":{}}],"line":72},"19":{"loc":{"start":{"line":74,"column":17},"end":{"line":74,"column":null}},"type":"binary-expr","locations":[{"start":{"line":74,"column":17},"end":{"line":74,"column":37}},{"start":{"line":74,"column":37},"end":{"line":74,"column":57}},{"start":{"line":74,"column":57},"end":{"line":74,"column":null}}],"line":74},"20":{"loc":{"start":{"line":79,"column":14},"end":{"line":79,"column":null}},"type":"binary-expr","locations":[{"start":{"line":79,"column":14},"end":{"line":79,"column":32}},{"start":{"line":79,"column":32},"end":{"line":79,"column":null}}],"line":79},"21":{"loc":{"start":{"line":80,"column":14},"end":{"line":80,"column":null}},"type":"binary-expr","locations":[{"start":{"line":80,"column":14},"end":{"line":80,"column":32}},{"start":{"line":80,"column":32},"end":{"line":80,"column":null}}],"line":80},"22":{"loc":{"start":{"line":81,"column":9},"end":{"line":83,"column":57}},"type":"cond-expr","locations":[{"start":{"line":82,"column":6},"end":{"line":82,"column":36}},{"start":{"line":83,"column":6},"end":{"line":83,"column":57}}],"line":81}},"s":{"0":10,"1":10,"2":2,"3":2,"4":10,"5":10,"6":10,"7":10,"8":11,"9":18,"10":0,"11":18,"12":1,"13":17,"14":7,"15":7,"16":7,"17":7,"18":0,"19":10,"20":4,"21":6,"22":0,"23":6,"24":0,"25":0,"26":0,"27":0,"28":6,"29":0,"30":0,"31":0,"32":0,"33":0,"34":0,"35":0,"36":0,"37":0,"38":0,"39":0,"40":0,"41":0,"42":0,"43":0,"44":0},"f":{"0":10,"1":11,"2":18,"3":0,"4":0},"b":{"0":[10],"1":[10],"2":[2,8],"3":[2,0],"4":[10,0],"5":[18],"6":[0,18],"7":[1,17],"8":[7,10],"9":[7,0],"10":[4,6],"11":[0,6],"12":[6,0,0,0,0,6,0],"13":[6,0],"14":[0,0],"15":[0,0],"16":[0,0],"17":[0,0],"18":[0,0],"19":[0,0,0],"20":[0,0],"21":[0,0],"22":[0,0]},"meta":{"lastBranch":23,"lastFunction":5,"lastStatement":45,"seen":{"f:8:16:8:Infinity":0,"b:11:33:11:42":0,"b:12:10:12:Infinity":1,"s:15:21:15:Infinity":0,"b:16:2:18:Infinity:undefined:undefined:undefined:undefined":2,"s:16:2:18:Infinity":1,"s:17:17:17:56":2,"s:18:4:18:Infinity":3,"b:18:19:18:39:18:43:18:Infinity":3,"s:21:21:21:50":4,"b:21:21:21:48:21:48:21:50":4,"s:22:20:22:43":5,"s:23:8:23:64":6,"s:25:2:30:Infinity":7,"f:26:17:26:22":1,"s:26:32:28:Infinity":8,"f:33:9:33:31":2,"b:33:82:33:94":5,"b:34:2:34:Infinity:undefined:undefined:undefined:undefined":6,"s:34:2:34:Infinity":9,"s:34:15:34:Infinity":10,"b:35:2:35:Infinity:undefined:undefined:undefined:undefined":7,"s:35:2:35:Infinity":11,"s:35:18:35:Infinity":12,"b:38:2:44:Infinity:undefined:undefined:undefined:undefined":8,"s:38:2:44:Infinity":13,"s:39:17:39:56":14,"s:40:19:40:39":15,"b:41:4:42:Infinity:undefined:undefined:undefined:undefined":9,"s:41:4:42:Infinity":16,"s:42:6:42:Infinity":17,"s:44:4:44:Infinity":18,"b:47:2:47:Infinity:undefined:undefined:undefined:undefined":10,"s:47:2:47:Infinity":19,"s:47:36:47:Infinity":20,"b:48:2:48:Infinity:undefined:undefined:undefined:undefined":11,"s:48:2:48:Infinity":21,"s:48:27:48:Infinity":22,"b:51:4:52:Infinity:53:4:53:Infinity:54:4:55:Infinity:56:4:57:Infinity:58:4:59:Infinity:60:4:61:Infinity:62:4:63:Infinity":12,"s:50:2:63:Infinity":23,"s:52:6:52:Infinity":24,"s:55:6:55:Infinity":25,"s:57:6:57:Infinity":26,"s:59:6:59:Infinity":27,"s:61:6:61:Infinity":28,"b:61:33:61:86:61:89:61:91":13,"s:63:6:63:Infinity":29,"f:67:9:67:24":3,"b:68:2:68:Infinity:undefined:undefined:undefined:undefined":14,"s:68:2:68:Infinity":30,"s:68:33:68:Infinity":31,"b:69:2:69:Infinity:undefined:undefined:undefined:undefined":15,"s:69:2:69:Infinity":32,"s:69:32:69:Infinity":33,"b:70:2:70:Infinity:undefined:undefined:undefined:undefined":16,"s:70:2:70:Infinity":34,"s:70:32:70:Infinity":35,"b:71:2:71:Infinity:undefined:undefined:undefined:undefined":17,"s:71:2:71:Infinity":36,"s:71:37:71:Infinity":37,"b:72:2:72:Infinity:undefined:undefined:undefined:undefined":18,"s:72:2:72:Infinity":38,"s:72:31:72:Infinity":39,"s:74:17:74:Infinity":40,"b:74:17:74:37:74:37:74:57:74:57:74:Infinity":19,"s:75:2:75:Infinity":41,"f:78:9:78:24":4,"s:79:14:79:Infinity":42,"b:79:14:79:32:79:32:79:Infinity":20,"s:80:14:80:Infinity":43,"b:80:14:80:32:80:32:80:Infinity":21,"s:81:2:83:Infinity":44,"b:82:6:82:36:83:6:83:57":22}}}
,"W:\\01_PURE_CODE\\2026_PROJECTS\\playson-workspace\\playson\\src\\cli\\commands\\generate.ts": {"path":"W:\\01_PURE_CODE\\2026_PROJECTS\\playson-workspace\\playson\\src\\cli\\commands\\generate.ts","statementMap":{"0":{"start":{"line":6,"column":31},"end":{"line":8,"column":82}},"1":{"start":{"line":10,"column":0},"end":{"line":22,"column":null}},"2":{"start":{"line":14,"column":21},"end":{"line":14,"column":51}},"3":{"start":{"line":15,"column":41},"end":{"line":15,"column":43}},"4":{"start":{"line":16,"column":4},"end":{"line":17,"column":null}},"5":{"start":{"line":17,"column":6},"end":{"line":17,"column":null}},"6":{"start":{"line":19,"column":4},"end":{"line":19,"column":null}},"7":{"start":{"line":20,"column":4},"end":{"line":20,"column":null}},"8":{"start":{"line":21,"column":4},"end":{"line":21,"column":null}},"9":{"start":{"line":24,"column":0},"end":{"line":49,"column":null}},"10":{"start":{"line":29,"column":20},"end":{"line":29,"column":48}},"11":{"start":{"line":30,"column":4},"end":{"line":32,"column":null}},"12":{"start":{"line":31,"column":6},"end":{"line":31,"column":null}},"13":{"start":{"line":32,"column":6},"end":{"line":32,"column":null}},"14":{"start":{"line":35,"column":18},"end":{"line":35,"column":80}},"15":{"start":{"line":35,"column":56},"end":{"line":35,"column":79}},"16":{"start":{"line":37,"column":4},"end":{"line":46,"column":null}},"17":{"start":{"line":38,"column":23},"end":{"line":38,"column":47}},"18":{"start":{"line":39,"column":22},"end":{"line":39,"column":54}},"19":{"start":{"line":40,"column":22},"end":{"line":40,"column":67}},"20":{"start":{"line":42,"column":6},"end":{"line":42,"column":null}},"21":{"start":{"line":43,"column":6},"end":{"line":43,"column":null}},"22":{"start":{"line":45,"column":6},"end":{"line":45,"column":null}},"23":{"start":{"line":46,"column":6},"end":{"line":46,"column":null}},"24":{"start":{"line":48,"column":4},"end":{"line":48,"column":null}},"25":{"start":{"line":51,"column":0},"end":{"line":79,"column":null}},"26":{"start":{"line":55,"column":20},"end":{"line":55,"column":44}},"27":{"start":{"line":56,"column":4},"end":{"line":57,"column":null}},"28":{"start":{"line":57,"column":6},"end":{"line":57,"column":null}},"29":{"start":{"line":59,"column":21},"end":{"line":59,"column":61}},"30":{"start":{"line":60,"column":20},"end":{"line":70,"column":null}},"31":{"start":{"line":73,"column":4},"end":{"line":77,"column":null}},"32":{"start":{"line":74,"column":6},"end":{"line":74,"column":null}},"33":{"start":{"line":75,"column":6},"end":{"line":75,"column":null}},"34":{"start":{"line":77,"column":6},"end":{"line":77,"column":null}},"35":{"start":{"line":81,"column":0},"end":{"line":116,"column":null}},"36":{"start":{"line":85,"column":20},"end":{"line":85,"column":43}},"37":{"start":{"line":86,"column":4},"end":{"line":87,"column":null}},"38":{"start":{"line":87,"column":6},"end":{"line":87,"column":null}},"39":{"start":{"line":89,"column":21},"end":{"line":89,"column":62}},"40":{"start":{"line":90,"column":10},"end":{"line":90,"column":27}},"41":{"start":{"line":91,"column":20},"end":{"line":109,"column":null}},"42":{"start":{"line":110,"column":4},"end":{"line":114,"column":null}},"43":{"start":{"line":111,"column":6},"end":{"line":111,"column":null}},"44":{"start":{"line":112,"column":6},"end":{"line":112,"column":null}},"45":{"start":{"line":114,"column":6},"end":{"line":114,"column":null}},"46":{"start":{"line":118,"column":0},"end":{"line":160,"column":null}},"47":{"start":{"line":122,"column":20},"end":{"line":122,"column":42}},"48":{"start":{"line":123,"column":4},"end":{"line":124,"column":null}},"49":{"start":{"line":124,"column":6},"end":{"line":124,"column":null}},"50":{"start":{"line":126,"column":21},"end":{"line":126,"column":60}},"51":{"start":{"line":127,"column":20},"end":{"line":153,"column":null}},"52":{"start":{"line":154,"column":4},"end":{"line":158,"column":null}},"53":{"start":{"line":155,"column":6},"end":{"line":155,"column":null}},"54":{"start":{"line":156,"column":6},"end":{"line":156,"column":null}},"55":{"start":{"line":158,"column":6},"end":{"line":158,"column":null}}},"fnMap":{"0":{"name":"(anonymous_0)","decl":{"start":{"line":13,"column":3},"end":{"line":13,"column":11}},"loc":{"start":{"line":13,"column":26},"end":{"line":22,"column":null}},"line":13},"1":{"name":"(anonymous_1)","decl":{"start":{"line":28,"column":10},"end":{"line":28,"column":17}},"loc":{"start":{"line":28,"column":41},"end":{"line":49,"column":null}},"line":28},"2":{"name":"(anonymous_2)","decl":{"start":{"line":35,"column":42},"end":{"line":35,"column":50}},"loc":{"start":{"line":35,"column":56},"end":{"line":35,"column":79}},"line":35},"3":{"name":"(anonymous_3)","decl":{"start":{"line":54,"column":3},"end":{"line":54,"column":11}},"loc":{"start":{"line":54,"column":20},"end":{"line":79,"column":null}},"line":54},"4":{"name":"(anonymous_4)","decl":{"start":{"line":84,"column":3},"end":{"line":84,"column":11}},"loc":{"start":{"line":84,"column":20},"end":{"line":116,"column":null}},"line":84},"5":{"name":"(anonymous_5)","decl":{"start":{"line":121,"column":3},"end":{"line":121,"column":11}},"loc":{"start":{"line":121,"column":20},"end":{"line":160,"column":null}},"line":121}},"branchMap":{"0":{"loc":{"start":{"line":16,"column":4},"end":{"line":17,"column":null}},"type":"if","locations":[{"start":{"line":16,"column":4},"end":{"line":17,"column":null}},{"start":{},"end":{}}],"line":16},"1":{"loc":{"start":{"line":19,"column":21},"end":{"line":19,"column":null}},"type":"binary-expr","locations":[{"start":{"line":19,"column":21},"end":{"line":19,"column":30}},{"start":{"line":19,"column":30},"end":{"line":19,"column":null}}],"line":19},"2":{"loc":{"start":{"line":30,"column":4},"end":{"line":32,"column":null}},"type":"if","locations":[{"start":{"line":30,"column":4},"end":{"line":32,"column":null}},{"start":{},"end":{}}],"line":30},"3":{"loc":{"start":{"line":42,"column":26},"end":{"line":42,"column":49}},"type":"binary-expr","locations":[{"start":{"line":42,"column":26},"end":{"line":42,"column":47}},{"start":{"line":42,"column":47},"end":{"line":42,"column":49}}],"line":42},"4":{"loc":{"start":{"line":43,"column":31},"end":{"line":43,"column":null}},"type":"cond-expr","locations":[{"start":{"line":43,"column":57},"end":{"line":43,"column":65}},{"start":{"line":43,"column":65},"end":{"line":43,"column":null}}],"line":43},"5":{"loc":{"start":{"line":56,"column":4},"end":{"line":57,"column":null}},"type":"if","locations":[{"start":{"line":56,"column":4},"end":{"line":57,"column":null}},{"start":{},"end":{}}],"line":56},"6":{"loc":{"start":{"line":73,"column":4},"end":{"line":77,"column":null}},"type":"if","locations":[{"start":{"line":73,"column":4},"end":{"line":77,"column":null}},{"start":{"line":76,"column":11},"end":{"line":77,"column":null}}],"line":73},"7":{"loc":{"start":{"line":86,"column":4},"end":{"line":87,"column":null}},"type":"if","locations":[{"start":{"line":86,"column":4},"end":{"line":87,"column":null}},{"start":{},"end":{}}],"line":86},"8":{"loc":{"start":{"line":110,"column":4},"end":{"line":114,"column":null}},"type":"if","locations":[{"start":{"line":110,"column":4},"end":{"line":114,"column":null}},{"start":{"line":113,"column":11},"end":{"line":114,"column":null}}],"line":110},"9":{"loc":{"start":{"line":123,"column":4},"end":{"line":124,"column":null}},"type":"if","locations":[{"start":{"line":123,"column":4},"end":{"line":124,"column":null}},{"start":{},"end":{}}],"line":123},"10":{"loc":{"start":{"line":154,"column":4},"end":{"line":158,"column":null}},"type":"if","locations":[{"start":{"line":154,"column":4},"end":{"line":158,"column":null}},{"start":{"line":157,"column":11},"end":{"line":158,"column":null}}],"line":154}},"s":{"0":1,"1":1,"2":1,"3":1,"4":1,"5":1,"6":1,"7":1,"8":1,"9":1,"10":1,"11":1,"12":0,"13":0,"14":1,"15":2,"16":1,"17":2,"18":2,"19":2,"20":2,"21":2,"22":2,"23":2,"24":1,"25":1,"26":1,"27":1,"28":1,"29":1,"30":1,"31":1,"32":1,"33":1,"34":0,"35":1,"36":0,"37":0,"38":0,"39":0,"40":0,"41":0,"42":0,"43":0,"44":0,"45":0,"46":1,"47":0,"48":0,"49":0,"50":0,"51":0,"52":0,"53":0,"54":0,"55":0},"f":{"0":1,"1":1,"2":2,"3":1,"4":0,"5":0},"b":{"0":[1,0],"1":[1,0],"2":[0,1],"3":[2,0],"4":[1,1],"5":[1,0],"6":[1,0],"7":[0,0],"8":[0,0],"9":[0,0],"10":[0,0]},"meta":{"lastBranch":11,"lastFunction":6,"lastStatement":56,"seen":{"s:6:31:8:82":0,"s:10:0:22:Infinity":1,"f:13:3:13:11":0,"s:14:21:14:51":2,"s:15:41:15:43":3,"b:16:4:17:Infinity:undefined:undefined:undefined:undefined":0,"s:16:4:17:Infinity":4,"s:17:6:17:Infinity":5,"s:19:4:19:Infinity":6,"b:19:21:19:30:19:30:19:Infinity":1,"s:20:4:20:Infinity":7,"s:21:4:21:Infinity":8,"s:24:0:49:Infinity":9,"f:28:10:28:17":1,"s:29:20:29:48":10,"b:30:4:32:Infinity:undefined:undefined:undefined:undefined":2,"s:30:4:32:Infinity":11,"s:31:6:31:Infinity":12,"s:32:6:32:Infinity":13,"s:35:18:35:80":14,"f:35:42:35:50":2,"s:35:56:35:79":15,"s:37:4:46:Infinity":16,"s:38:23:38:47":17,"s:39:22:39:54":18,"s:40:22:40:67":19,"s:42:6:42:Infinity":20,"b:42:26:42:47:42:47:42:49":3,"s:43:6:43:Infinity":21,"b:43:57:43:65:43:65:43:Infinity":4,"s:45:6:45:Infinity":22,"s:46:6:46:Infinity":23,"s:48:4:48:Infinity":24,"s:51:0:79:Infinity":25,"f:54:3:54:11":3,"s:55:20:55:44":26,"b:56:4:57:Infinity:undefined:undefined:undefined:undefined":5,"s:56:4:57:Infinity":27,"s:57:6:57:Infinity":28,"s:59:21:59:61":29,"s:60:20:70:Infinity":30,"b:73:4:77:Infinity:76:11:77:Infinity":6,"s:73:4:77:Infinity":31,"s:74:6:74:Infinity":32,"s:75:6:75:Infinity":33,"s:77:6:77:Infinity":34,"s:81:0:116:Infinity":35,"f:84:3:84:11":4,"s:85:20:85:43":36,"b:86:4:87:Infinity:undefined:undefined:undefined:undefined":7,"s:86:4:87:Infinity":37,"s:87:6:87:Infinity":38,"s:89:21:89:62":39,"s:90:10:90:27":40,"s:91:20:109:Infinity":41,"b:110:4:114:Infinity:113:11:114:Infinity":8,"s:110:4:114:Infinity":42,"s:111:6:111:Infinity":43,"s:112:6:112:Infinity":44,"s:114:6:114:Infinity":45,"s:118:0:160:Infinity":46,"f:121:3:121:11":5,"s:122:20:122:42":47,"b:123:4:124:Infinity:undefined:undefined:undefined:undefined":9,"s:123:4:124:Infinity":48,"s:124:6:124:Infinity":49,"s:126:21:126:60":50,"s:127:20:153:Infinity":51,"b:154:4:158:Infinity:157:11:158:Infinity":10,"s:154:4:158:Infinity":52,"s:155:6:155:Infinity":53,"s:156:6:156:Infinity":54,"s:158:6:158:Infinity":55}}}
,"W:\\01_PURE_CODE\\2026_PROJECTS\\playson-workspace\\playson\\src\\cli\\commands\\init.ts": {"path":"W:\\01_PURE_CODE\\2026_PROJECTS\\playson-workspace\\playson\\src\\cli\\commands\\init.ts","statementMap":{"0":{"start":{"line":5,"column":27},"end":{"line":134,"column":null}},"1":{"start":{"line":9,"column":20},"end":{"line":9,"column":45}},"2":{"start":{"line":10,"column":4},"end":{"line":10,"column":null}},"3":{"start":{"line":12,"column":17},"end":{"line":12,"column":null}},"4":{"start":{"line":14,"column":4},"end":{"line":15,"column":null}},"5":{"start":{"line":15,"column":6},"end":{"line":15,"column":null}},"6":{"start":{"line":18,"column":4},"end":{"line":23,"column":null}},"7":{"start":{"line":19,"column":22},"end":{"line":19,"column":45}},"8":{"start":{"line":20,"column":6},"end":{"line":21,"column":null}},"9":{"start":{"line":21,"column":8},"end":{"line":21,"column":null}},"10":{"start":{"line":27,"column":6},"end":{"line":27,"column":79}},"11":{"start":{"line":28,"column":28},"end":{"line":28,"column":91}},"12":{"start":{"line":30,"column":25},"end":{"line":116,"column":null}},"13":{"start":{"line":118,"column":4},"end":{"line":127,"column":null}},"14":{"start":{"line":119,"column":23},"end":{"line":119,"column":51}},"15":{"start":{"line":120,"column":6},"end":{"line":125,"column":null}},"16":{"start":{"line":121,"column":28},"end":{"line":121,"column":100}},"17":{"start":{"line":122,"column":8},"end":{"line":122,"column":null}},"18":{"start":{"line":123,"column":8},"end":{"line":123,"column":null}},"19":{"start":{"line":125,"column":8},"end":{"line":125,"column":null}},"20":{"start":{"line":129,"column":4},"end":{"line":129,"column":null}},"21":{"start":{"line":130,"column":4},"end":{"line":130,"column":null}},"22":{"start":{"line":131,"column":4},"end":{"line":131,"column":null}},"23":{"start":{"line":132,"column":4},"end":{"line":132,"column":null}},"24":{"start":{"line":133,"column":4},"end":{"line":133,"column":null}}},"fnMap":{"0":{"name":"(anonymous_0)","decl":{"start":{"line":8,"column":3},"end":{"line":8,"column":11}},"loc":{"start":{"line":8,"column":27},"end":{"line":134,"column":null}},"line":8},"1":{"name":"(anonymous_1)","decl":{"start":{"line":18,"column":9},"end":{"line":18,"column":18}},"loc":{"start":{"line":18,"column":26},"end":{"line":23,"column":null}},"line":18},"2":{"name":"(anonymous_2)","decl":{"start":{"line":118,"column":33},"end":{"line":118,"column":42}},"loc":{"start":{"line":118,"column":66},"end":{"line":127,"column":null}},"line":118}},"branchMap":{"0":{"loc":{"start":{"line":14,"column":4},"end":{"line":15,"column":null}},"type":"if","locations":[{"start":{"line":14,"column":4},"end":{"line":15,"column":null}},{"start":{},"end":{}}],"line":14},"1":{"loc":{"start":{"line":20,"column":6},"end":{"line":21,"column":null}},"type":"if","locations":[{"start":{"line":20,"column":6},"end":{"line":21,"column":null}},{"start":{},"end":{}}],"line":20},"2":{"loc":{"start":{"line":27,"column":6},"end":{"line":27,"column":79}},"type":"cond-expr","locations":[{"start":{"line":27,"column":28},"end":{"line":27,"column":50}},{"start":{"line":27,"column":53},"end":{"line":27,"column":79}}],"line":27},"3":{"loc":{"start":{"line":32,"column":15},"end":{"line":32,"column":null}},"type":"cond-expr","locations":[{"start":{"line":32,"column":37},"end":{"line":32,"column":57}},{"start":{"line":32,"column":57},"end":{"line":32,"column":null}}],"line":32},"4":{"loc":{"start":{"line":120,"column":6},"end":{"line":125,"column":null}},"type":"if","locations":[{"start":{"line":120,"column":6},"end":{"line":125,"column":null}},{"start":{"line":124,"column":13},"end":{"line":125,"column":null}}],"line":120},"5":{"loc":{"start":{"line":121,"column":28},"end":{"line":121,"column":100}},"type":"cond-expr","locations":[{"start":{"line":121,"column":58},"end":{"line":121,"column":68}},{"start":{"line":121,"column":68},"end":{"line":121,"column":100}}],"line":121}},"s":{"0":1,"1":2,"2":2,"3":2,"4":2,"5":1,"6":2,"7":10,"8":10,"9":10,"10":2,"11":2,"12":2,"13":2,"14":16,"15":16,"16":16,"17":16,"18":16,"19":0,"20":2,"21":2,"22":2,"23":2,"24":2},"f":{"0":2,"1":10,"2":16},"b":{"0":[1,1],"1":[10,0],"2":[1,1],"3":[1,1],"4":[16,0],"5":[6,10]},"meta":{"lastBranch":6,"lastFunction":3,"lastStatement":25,"seen":{"s:5:27:134:Infinity":0,"f:8:3:8:11":0,"s:9:20:9:45":1,"s:10:4:10:Infinity":2,"s:12:17:12:Infinity":3,"b:14:4:15:Infinity:undefined:undefined:undefined:undefined":0,"s:14:4:15:Infinity":4,"s:15:6:15:Infinity":5,"s:18:4:23:Infinity":6,"f:18:9:18:18":1,"s:19:22:19:45":7,"b:20:6:21:Infinity:undefined:undefined:undefined:undefined":1,"s:20:6:21:Infinity":8,"s:21:8:21:Infinity":9,"s:27:6:27:79":10,"b:27:28:27:50:27:53:27:79":2,"s:28:28:28:91":11,"s:30:25:116:Infinity":12,"b:32:37:32:57:32:57:32:Infinity":3,"s:118:4:127:Infinity":13,"f:118:33:118:42":2,"s:119:23:119:51":14,"b:120:6:125:Infinity:124:13:125:Infinity":4,"s:120:6:125:Infinity":15,"s:121:28:121:100":16,"b:121:58:121:68:121:68:121:100":5,"s:122:8:122:Infinity":17,"s:123:8:123:Infinity":18,"s:125:8:125:Infinity":19,"s:129:4:129:Infinity":20,"s:130:4:130:Infinity":21,"s:131:4:131:Infinity":22,"s:132:4:132:Infinity":23,"s:133:4:133:Infinity":24}}}
,"W:\\01_PURE_CODE\\2026_PROJECTS\\playson-workspace\\playson\\src\\cli\\commands\\sync-schemas.ts": {"path":"W:\\01_PURE_CODE\\2026_PROJECTS\\playson-workspace\\playson\\src\\cli\\commands\\sync-schemas.ts","statementMap":{"0":{"start":{"line":6,"column":34},"end":{"line":99,"column":null}},"1":{"start":{"line":13,"column":20},"end":{"line":13,"column":75}},"2":{"start":{"line":14,"column":4},"end":{"line":16,"column":null}},"3":{"start":{"line":15,"column":6},"end":{"line":15,"column":null}},"4":{"start":{"line":16,"column":6},"end":{"line":16,"column":null}},"5":{"start":{"line":19,"column":16},"end":{"line":19,"column":60}},"6":{"start":{"line":20,"column":4},"end":{"line":22,"column":null}},"7":{"start":{"line":21,"column":6},"end":{"line":21,"column":null}},"8":{"start":{"line":22,"column":6},"end":{"line":22,"column":null}},"9":{"start":{"line":25,"column":4},"end":{"line":25,"column":null}},"10":{"start":{"line":26,"column":4},"end":{"line":97,"column":null}},"11":{"start":{"line":27,"column":23},"end":{"line":27,"column":47}},"12":{"start":{"line":28,"column":6},"end":{"line":29,"column":null}},"13":{"start":{"line":29,"column":8},"end":{"line":29,"column":null}},"14":{"start":{"line":31,"column":20},"end":{"line":31,"column":41}},"15":{"start":{"line":33,"column":22},"end":{"line":33,"column":72}},"16":{"start":{"line":34,"column":24},"end":{"line":34,"column":47}},"17":{"start":{"line":35,"column":6},"end":{"line":36,"column":null}},"18":{"start":{"line":36,"column":8},"end":{"line":36,"column":null}},"19":{"start":{"line":39,"column":26},"end":{"line":39,"column":46}},"20":{"start":{"line":40,"column":26},"end":{"line":40,"column":null}},"21":{"start":{"line":43,"column":23},"end":{"line":43,"column":66}},"22":{"start":{"line":43,"column":52},"end":{"line":43,"column":66}},"23":{"start":{"line":44,"column":6},"end":{"line":46,"column":null}},"24":{"start":{"line":45,"column":8},"end":{"line":45,"column":null}},"25":{"start":{"line":46,"column":8},"end":{"line":46,"column":null}},"26":{"start":{"line":49,"column":6},"end":{"line":49,"column":null}},"27":{"start":{"line":50,"column":22},"end":{"line":50,"column":85}},"28":{"start":{"line":51,"column":6},"end":{"line":53,"column":null}},"29":{"start":{"line":52,"column":8},"end":{"line":52,"column":null}},"30":{"start":{"line":53,"column":8},"end":{"line":53,"column":null}},"31":{"start":{"line":57,"column":6},"end":{"line":63,"column":null}},"32":{"start":{"line":58,"column":23},"end":{"line":58,"column":64}},"33":{"start":{"line":59,"column":8},"end":{"line":59,"column":null}},"34":{"start":{"line":60,"column":25},"end":{"line":60,"column":68}},"35":{"start":{"line":61,"column":8},"end":{"line":61,"column":null}},"36":{"start":{"line":62,"column":8},"end":{"line":62,"column":null}},"37":{"start":{"line":66,"column":6},"end":{"line":89,"column":null}},"38":{"start":{"line":67,"column":27},"end":{"line":67,"column":94}},"39":{"start":{"line":67,"column":67},"end":{"line":67,"column":93}},"40":{"start":{"line":68,"column":27},"end":{"line":69,"column":null}},"41":{"start":{"line":69,"column":17},"end":{"line":69,"column":72}},"42":{"start":{"line":72,"column":8},"end":{"line":89,"column":null}},"43":{"start":{"line":73,"column":10},"end":{"line":73,"column":null}},"44":{"start":{"line":74,"column":10},"end":{"line":89,"column":null}},"45":{"start":{"line":75,"column":27},"end":{"line":82,"column":14}},"46":{"start":{"line":84,"column":12},"end":{"line":89,"column":null}},"47":{"start":{"line":85,"column":14},"end":{"line":85,"column":null}},"48":{"start":{"line":86,"column":14},"end":{"line":86,"column":null}},"49":{"start":{"line":87,"column":19},"end":{"line":89,"column":null}},"50":{"start":{"line":88,"column":14},"end":{"line":88,"column":null}},"51":{"start":{"line":89,"column":14},"end":{"line":89,"column":null}},"52":{"start":{"line":95,"column":6},"end":{"line":95,"column":null}},"53":{"start":{"line":97,"column":6},"end":{"line":97,"column":null}},"54":{"start":{"line":106,"column":2},"end":{"line":106,"column":null}},"55":{"start":{"line":106,"column":39},"end":{"line":106,"column":null}},"56":{"start":{"line":108,"column":2},"end":{"line":112,"column":null}},"57":{"start":{"line":109,"column":4},"end":{"line":112,"column":null}},"58":{"start":{"line":110,"column":20},"end":{"line":110,"column":39}},"59":{"start":{"line":111,"column":19},"end":{"line":111,"column":null}},"60":{"start":{"line":112,"column":6},"end":{"line":112,"column":null}},"61":{"start":{"line":116,"column":2},"end":{"line":118,"column":null}},"62":{"start":{"line":117,"column":4},"end":{"line":118,"column":null}},"63":{"start":{"line":118,"column":6},"end":{"line":118,"column":null}}},"fnMap":{"0":{"name":"(anonymous_0)","decl":{"start":{"line":12,"column":10},"end":{"line":12,"column":17}},"loc":{"start":{"line":12,"column":29},"end":{"line":99,"column":null}},"line":12},"1":{"name":"(anonymous_1)","decl":{"start":{"line":43,"column":35},"end":{"line":43,"column":43}},"loc":{"start":{"line":43,"column":52},"end":{"line":43,"column":66}},"line":43},"2":{"name":"(anonymous_2)","decl":{"start":{"line":57,"column":15},"end":{"line":57,"column":24}},"loc":{"start":{"line":57,"column":33},"end":{"line":63,"column":null}},"line":57},"3":{"name":"(anonymous_3)","decl":{"start":{"line":67,"column":53},"end":{"line":67,"column":61}},"loc":{"start":{"line":67,"column":67},"end":{"line":67,"column":93}},"line":67},"4":{"name":"(anonymous_4)","decl":{"start":{"line":68,"column":38},"end":{"line":68,"column":null}},"loc":{"start":{"line":69,"column":17},"end":{"line":69,"column":72}},"line":69},"5":{"name":"rewriteRefs","decl":{"start":{"line":105,"column":9},"end":{"line":105,"column":21}},"loc":{"start":{"line":105,"column":31},"end":{"line":118,"column":null}},"line":105}},"branchMap":{"0":{"loc":{"start":{"line":14,"column":4},"end":{"line":16,"column":null}},"type":"if","locations":[{"start":{"line":14,"column":4},"end":{"line":16,"column":null}},{"start":{},"end":{}}],"line":14},"1":{"loc":{"start":{"line":20,"column":4},"end":{"line":22,"column":null}},"type":"if","locations":[{"start":{"line":20,"column":4},"end":{"line":22,"column":null}},{"start":{},"end":{}}],"line":20},"2":{"loc":{"start":{"line":28,"column":6},"end":{"line":29,"column":null}},"type":"if","locations":[{"start":{"line":28,"column":6},"end":{"line":29,"column":null}},{"start":{},"end":{}}],"line":28},"3":{"loc":{"start":{"line":33,"column":22},"end":{"line":33,"column":72}},"type":"binary-expr","locations":[{"start":{"line":33,"column":22},"end":{"line":33,"column":50}},{"start":{"line":33,"column":50},"end":{"line":33,"column":70}},{"start":{"line":33,"column":70},"end":{"line":33,"column":72}}],"line":33},"4":{"loc":{"start":{"line":35,"column":6},"end":{"line":36,"column":null}},"type":"if","locations":[{"start":{"line":35,"column":6},"end":{"line":36,"column":null}},{"start":{},"end":{}}],"line":35},"5":{"loc":{"start":{"line":40,"column":26},"end":{"line":40,"column":null}},"type":"cond-expr","locations":[{"start":{"line":40,"column":41},"end":{"line":40,"column":55}},{"start":{"line":40,"column":58},"end":{"line":40,"column":null}}],"line":40},"6":{"loc":{"start":{"line":44,"column":6},"end":{"line":46,"column":null}},"type":"if","locations":[{"start":{"line":44,"column":6},"end":{"line":46,"column":null}},{"start":{},"end":{}}],"line":44},"7":{"loc":{"start":{"line":51,"column":6},"end":{"line":53,"column":null}},"type":"if","locations":[{"start":{"line":51,"column":6},"end":{"line":53,"column":null}},{"start":{},"end":{}}],"line":51},"8":{"loc":{"start":{"line":66,"column":6},"end":{"line":89,"column":null}},"type":"if","locations":[{"start":{"line":66,"column":6},"end":{"line":89,"column":null}},{"start":{},"end":{}}],"line":66},"9":{"loc":{"start":{"line":72,"column":8},"end":{"line":89,"column":null}},"type":"if","locations":[{"start":{"line":72,"column":8},"end":{"line":89,"column":null}},{"start":{},"end":{}}],"line":72},"10":{"loc":{"start":{"line":84,"column":12},"end":{"line":89,"column":null}},"type":"if","locations":[{"start":{"line":84,"column":12},"end":{"line":89,"column":null}},{"start":{"line":87,"column":19},"end":{"line":89,"column":null}}],"line":84},"11":{"loc":{"start":{"line":87,"column":19},"end":{"line":89,"column":null}},"type":"if","locations":[{"start":{"line":87,"column":19},"end":{"line":89,"column":null}},{"start":{},"end":{}}],"line":87},"12":{"loc":{"start":{"line":106,"column":2},"end":{"line":106,"column":null}},"type":"if","locations":[{"start":{"line":106,"column":2},"end":{"line":106,"column":null}},{"start":{},"end":{}}],"line":106},"13":{"loc":{"start":{"line":106,"column":6},"end":{"line":106,"column":39}},"type":"binary-expr","locations":[{"start":{"line":106,"column":6},"end":{"line":106,"column":14}},{"start":{"line":106,"column":14},"end":{"line":106,"column":39}}],"line":106},"14":{"loc":{"start":{"line":108,"column":2},"end":{"line":112,"column":null}},"type":"if","locations":[{"start":{"line":108,"column":2},"end":{"line":112,"column":null}},{"start":{},"end":{}}],"line":108},"15":{"loc":{"start":{"line":108,"column":6},"end":{"line":108,"column":48}},"type":"binary-expr","locations":[{"start":{"line":108,"column":6},"end":{"line":108,"column":18}},{"start":{"line":108,"column":18},"end":{"line":108,"column":48}}],"line":108},"16":{"loc":{"start":{"line":109,"column":4},"end":{"line":112,"column":null}},"type":"if","locations":[{"start":{"line":109,"column":4},"end":{"line":112,"column":null}},{"start":{},"end":{}}],"line":109},"17":{"loc":{"start":{"line":109,"column":8},"end":{"line":109,"column":93}},"type":"binary-expr","locations":[{"start":{"line":109,"column":8},"end":{"line":109,"column":52}},{"start":{"line":109,"column":56},"end":{"line":109,"column":93}}],"line":109},"18":{"loc":{"start":{"line":117,"column":4},"end":{"line":118,"column":null}},"type":"if","locations":[{"start":{"line":117,"column":4},"end":{"line":118,"column":null}},{"start":{},"end":{}}],"line":117}},"s":{"0":1,"1":1,"2":1,"3":0,"4":0,"5":1,"6":1,"7":0,"8":0,"9":1,"10":1,"11":1,"12":1,"13":0,"14":1,"15":1,"16":1,"17":1,"18":0,"19":1,"20":1,"21":1,"22":1,"23":1,"24":0,"25":0,"26":1,"27":1,"28":1,"29":0,"30":0,"31":1,"32":1,"33":1,"34":1,"35":1,"36":1,"37":1,"38":1,"39":2,"40":1,"41":2,"42":1,"43":1,"44":1,"45":1,"46":1,"47":1,"48":1,"49":0,"50":0,"51":0,"52":1,"53":0,"54":1,"55":0,"56":1,"57":0,"58":0,"59":0,"60":0,"61":1,"62":1,"63":0},"f":{"0":1,"1":1,"2":1,"3":2,"4":2,"5":1},"b":{"0":[0,1],"1":[0,1],"2":[0,1],"3":[1,0,0],"4":[0,1],"5":[0,1],"6":[0,1],"7":[0,1],"8":[1,0],"9":[1,0],"10":[1,0],"11":[0,0],"12":[0,1],"13":[1,1],"14":[0,1],"15":[1,0],"16":[0,0],"17":[0,0],"18":[0,1]},"meta":{"lastBranch":19,"lastFunction":6,"lastStatement":64,"seen":{"s:6:34:99:Infinity":0,"f:12:10:12:17":0,"s:13:20:13:75":1,"b:14:4:16:Infinity:undefined:undefined:undefined:undefined":0,"s:14:4:16:Infinity":2,"s:15:6:15:Infinity":3,"s:16:6:16:Infinity":4,"s:19:16:19:60":5,"b:20:4:22:Infinity:undefined:undefined:undefined:undefined":1,"s:20:4:22:Infinity":6,"s:21:6:21:Infinity":7,"s:22:6:22:Infinity":8,"s:25:4:25:Infinity":9,"s:26:4:97:Infinity":10,"s:27:23:27:47":11,"b:28:6:29:Infinity:undefined:undefined:undefined:undefined":2,"s:28:6:29:Infinity":12,"s:29:8:29:Infinity":13,"s:31:20:31:41":14,"s:33:22:33:72":15,"b:33:22:33:50:33:50:33:70:33:70:33:72":3,"s:34:24:34:47":16,"b:35:6:36:Infinity:undefined:undefined:undefined:undefined":4,"s:35:6:36:Infinity":17,"s:36:8:36:Infinity":18,"s:39:26:39:46":19,"s:40:26:40:Infinity":20,"b:40:41:40:55:40:58:40:Infinity":5,"s:43:23:43:66":21,"f:43:35:43:43":1,"s:43:52:43:66":22,"b:44:6:46:Infinity:undefined:undefined:undefined:undefined":6,"s:44:6:46:Infinity":23,"s:45:8:45:Infinity":24,"s:46:8:46:Infinity":25,"s:49:6:49:Infinity":26,"s:50:22:50:85":27,"b:51:6:53:Infinity:undefined:undefined:undefined:undefined":7,"s:51:6:53:Infinity":28,"s:52:8:52:Infinity":29,"s:53:8:53:Infinity":30,"s:57:6:63:Infinity":31,"f:57:15:57:24":2,"s:58:23:58:64":32,"s:59:8:59:Infinity":33,"s:60:25:60:68":34,"s:61:8:61:Infinity":35,"s:62:8:62:Infinity":36,"b:66:6:89:Infinity:undefined:undefined:undefined:undefined":8,"s:66:6:89:Infinity":37,"s:67:27:67:94":38,"f:67:53:67:61":3,"s:67:67:67:93":39,"s:68:27:69:Infinity":40,"f:68:38:68:Infinity":4,"s:69:17:69:72":41,"b:72:8:89:Infinity:undefined:undefined:undefined:undefined":9,"s:72:8:89:Infinity":42,"s:73:10:73:Infinity":43,"s:74:10:89:Infinity":44,"s:75:27:82:14":45,"b:84:12:89:Infinity:87:19:89:Infinity":10,"s:84:12:89:Infinity":46,"s:85:14:85:Infinity":47,"s:86:14:86:Infinity":48,"b:87:19:89:Infinity:undefined:undefined:undefined:undefined":11,"s:87:19:89:Infinity":49,"s:88:14:88:Infinity":50,"s:89:14:89:Infinity":51,"s:95:6:95:Infinity":52,"s:97:6:97:Infinity":53,"f:105:9:105:21":5,"b:106:2:106:Infinity:undefined:undefined:undefined:undefined":12,"s:106:2:106:Infinity":54,"b:106:6:106:14:106:14:106:39":13,"s:106:39:106:Infinity":55,"b:108:2:112:Infinity:undefined:undefined:undefined:undefined":14,"s:108:2:112:Infinity":56,"b:108:6:108:18:108:18:108:48":15,"b:109:4:112:Infinity:undefined:undefined:undefined:undefined":16,"s:109:4:112:Infinity":57,"b:109:8:109:52:109:56:109:93":17,"s:110:20:110:39":58,"s:111:19:111:Infinity":59,"s:112:6:112:Infinity":60,"s:116:2:118:Infinity":61,"b:117:4:118:Infinity:undefined:undefined:undefined:undefined":18,"s:117:4:118:Infinity":62,"s:118:6:118:Infinity":63}}}
,"W:\\01_PURE_CODE\\2026_PROJECTS\\playson-workspace\\playson\\src\\cli\\commands\\validate.ts": {"path":"W:\\01_PURE_CODE\\2026_PROJECTS\\playson-workspace\\playson\\src\\cli\\commands\\validate.ts","statementMap":{"0":{"start":{"line":10,"column":31},"end":{"line":55,"column":null}},"1":{"start":{"line":20,"column":20},"end":{"line":20,"column":33}},"2":{"start":{"line":21,"column":16},"end":{"line":21,"column":null}},"3":{"start":{"line":22,"column":19},"end":{"line":22,"column":38}},"4":{"start":{"line":24,"column":4},"end":{"line":52,"column":null}},"5":{"start":{"line":25,"column":6},"end":{"line":33,"column":null}},"6":{"start":{"line":26,"column":8},"end":{"line":26,"column":null}},"7":{"start":{"line":28,"column":8},"end":{"line":28,"column":null}},"8":{"start":{"line":29,"column":14},"end":{"line":30,"column":null}},"9":{"start":{"line":32,"column":8},"end":{"line":32,"column":null}},"10":{"start":{"line":33,"column":8},"end":{"line":33,"column":null}},"11":{"start":{"line":36,"column":6},"end":{"line":52,"column":null}},"12":{"start":{"line":37,"column":8},"end":{"line":37,"column":null}},"13":{"start":{"line":38,"column":8},"end":{"line":41,"column":null}},"14":{"start":{"line":39,"column":27},"end":{"line":39,"column":null}},"15":{"start":{"line":40,"column":10},"end":{"line":40,"column":null}},"16":{"start":{"line":43,"column":8},"end":{"line":44,"column":null}},"17":{"start":{"line":44,"column":10},"end":{"line":44,"column":null}},"18":{"start":{"line":46,"column":8},"end":{"line":46,"column":null}},"19":{"start":{"line":47,"column":13},"end":{"line":52,"column":null}},"20":{"start":{"line":48,"column":8},"end":{"line":48,"column":null}},"21":{"start":{"line":49,"column":8},"end":{"line":49,"column":null}},"22":{"start":{"line":51,"column":8},"end":{"line":51,"column":null}},"23":{"start":{"line":52,"column":8},"end":{"line":52,"column":null}},"24":{"start":{"line":58,"column":2},"end":{"line":58,"column":null}},"25":{"start":{"line":61,"column":20},"end":{"line":61,"column":48}},"26":{"start":{"line":62,"column":2},"end":{"line":79,"column":null}},"27":{"start":{"line":63,"column":4},"end":{"line":79,"column":null}},"28":{"start":{"line":64,"column":22},"end":{"line":64,"column":54}},"29":{"start":{"line":65,"column":6},"end":{"line":76,"column":null}},"30":{"start":{"line":66,"column":8},"end":{"line":66,"column":null}},"31":{"start":{"line":68,"column":8},"end":{"line":68,"column":null}},"32":{"start":{"line":69,"column":14},"end":{"line":69,"column":44}},"33":{"start":{"line":70,"column":8},"end":{"line":70,"column":null}},"34":{"start":{"line":71,"column":8},"end":{"line":71,"column":null}},"35":{"start":{"line":73,"column":26},"end":{"line":73,"column":97}},"36":{"start":{"line":74,"column":8},"end":{"line":76,"column":null}},"37":{"start":{"line":75,"column":10},"end":{"line":75,"column":null}},"38":{"start":{"line":76,"column":10},"end":{"line":76,"column":null}},"39":{"start":{"line":85,"column":17},"end":{"line":85,"column":36}},"40":{"start":{"line":86,"column":2},"end":{"line":103,"column":null}},"41":{"start":{"line":87,"column":4},"end":{"line":87,"column":null}},"42":{"start":{"line":88,"column":4},"end":{"line":88,"column":null}},"43":{"start":{"line":90,"column":4},"end":{"line":103,"column":null}},"44":{"start":{"line":91,"column":6},"end":{"line":92,"column":null}},"45":{"start":{"line":92,"column":8},"end":{"line":92,"column":null}},"46":{"start":{"line":96,"column":6},"end":{"line":100,"column":null}},"47":{"start":{"line":97,"column":8},"end":{"line":97,"column":null}},"48":{"start":{"line":98,"column":8},"end":{"line":98,"column":null}},"49":{"start":{"line":100,"column":8},"end":{"line":100,"column":null}},"50":{"start":{"line":103,"column":6},"end":{"line":103,"column":null}},"51":{"start":{"line":109,"column":18},"end":{"line":109,"column":64}},"52":{"start":{"line":110,"column":24},"end":{"line":110,"column":26}},"53":{"start":{"line":111,"column":2},"end":{"line":118,"column":null}},"54":{"start":{"line":112,"column":16},"end":{"line":112,"column":45}},"55":{"start":{"line":113,"column":4},"end":{"line":118,"column":null}},"56":{"start":{"line":114,"column":6},"end":{"line":115,"column":null}},"57":{"start":{"line":115,"column":8},"end":{"line":115,"column":null}},"58":{"start":{"line":117,"column":11},"end":{"line":118,"column":null}},"59":{"start":{"line":118,"column":6},"end":{"line":118,"column":null}},"60":{"start":{"line":121,"column":2},"end":{"line":121,"column":null}},"61":{"start":{"line":125,"column":2},"end":{"line":152,"column":null}},"62":{"start":{"line":126,"column":18},"end":{"line":126,"column":59}},"63":{"start":{"line":127,"column":4},"end":{"line":152,"column":null}},"64":{"start":{"line":128,"column":18},"end":{"line":128,"column":null}},"65":{"start":{"line":129,"column":6},"end":{"line":129,"column":null}},"66":{"start":{"line":131,"column":21},"end":{"line":137,"column":8}},"67":{"start":{"line":139,"column":6},"end":{"line":152,"column":null}},"68":{"start":{"line":140,"column":25},"end":{"line":140,"column":53}},"69":{"start":{"line":141,"column":24},"end":{"line":141,"column":72}},"70":{"start":{"line":143,"column":8},"end":{"line":148,"column":null}},"71":{"start":{"line":144,"column":10},"end":{"line":144,"column":null}},"72":{"start":{"line":144,"column":59},"end":{"line":144,"column":73}},"73":{"start":{"line":145,"column":15},"end":{"line":148,"column":null}},"74":{"start":{"line":146,"column":10},"end":{"line":148,"column":null}},"75":{"start":{"line":147,"column":12},"end":{"line":147,"column":null}},"76":{"start":{"line":147,"column":51},"end":{"line":147,"column":65}},"77":{"start":{"line":151,"column":8},"end":{"line":151,"column":null}},"78":{"start":{"line":152,"column":8},"end":{"line":152,"column":null}}},"fnMap":{"0":{"name":"(anonymous_0)","decl":{"start":{"line":19,"column":10},"end":{"line":19,"column":17}},"loc":{"start":{"line":19,"column":41},"end":{"line":55,"column":null}},"line":19},"1":{"name":"(anonymous_1)","decl":{"start":{"line":38,"column":21},"end":{"line":38,"column":30}},"loc":{"start":{"line":38,"column":64},"end":{"line":41,"column":null}},"line":38},"2":{"name":"handleRepair","decl":{"start":{"line":57,"column":15},"end":{"line":57,"column":28}},"loc":{"start":{"line":57,"column":79},"end":{"line":103,"column":null}},"line":57},"3":{"name":"findJsonFiles","decl":{"start":{"line":108,"column":15},"end":{"line":108,"column":29}},"loc":{"start":{"line":108,"column":61},"end":{"line":121,"column":null}},"line":108},"4":{"name":"repairSpecificError","decl":{"start":{"line":124,"column":15},"end":{"line":124,"column":35}},"loc":{"start":{"line":124,"column":68},"end":{"line":152,"column":null}},"line":124},"5":{"name":"(anonymous_5)","decl":{"start":{"line":144,"column":40},"end":{"line":144,"column":48}},"loc":{"start":{"line":144,"column":59},"end":{"line":144,"column":73}},"line":144},"6":{"name":"(anonymous_6)","decl":{"start":{"line":146,"column":28},"end":{"line":146,"column":37}},"loc":{"start":{"line":146,"column":49},"end":{"line":148,"column":null}},"line":146},"7":{"name":"(anonymous_7)","decl":{"start":{"line":147,"column":32},"end":{"line":147,"column":40}},"loc":{"start":{"line":147,"column":51},"end":{"line":147,"column":65}},"line":147}},"branchMap":{"0":{"loc":{"start":{"line":21,"column":16},"end":{"line":21,"column":null}},"type":"binary-expr","locations":[{"start":{"line":21,"column":16},"end":{"line":21,"column":31}},{"start":{"line":21,"column":31},"end":{"line":21,"column":null}}],"line":21},"1":{"loc":{"start":{"line":25,"column":6},"end":{"line":33,"column":null}},"type":"if","locations":[{"start":{"line":25,"column":6},"end":{"line":33,"column":null}},{"start":{"line":27,"column":13},"end":{"line":33,"column":null}}],"line":25},"2":{"loc":{"start":{"line":29,"column":14},"end":{"line":30,"column":null}},"type":"cond-expr","locations":[{"start":{"line":30,"column":80},"end":{"line":30,"column":93}},{"start":{"line":30,"column":93},"end":{"line":30,"column":null}}],"line":29},"3":{"loc":{"start":{"line":29,"column":14},"end":{"line":30,"column":77}},"type":"binary-expr","locations":[{"start":{"line":29,"column":14},"end":{"line":30,"column":32}},{"start":{"line":30,"column":32},"end":{"line":30,"column":77}}],"line":29},"4":{"loc":{"start":{"line":36,"column":6},"end":{"line":52,"column":null}},"type":"if","locations":[{"start":{"line":36,"column":6},"end":{"line":52,"column":null}},{"start":{"line":47,"column":13},"end":{"line":52,"column":null}}],"line":36},"5":{"loc":{"start":{"line":39,"column":27},"end":{"line":39,"column":null}},"type":"cond-expr","locations":[{"start":{"line":39,"column":38},"end":{"line":39,"column":57}},{"start":{"line":39,"column":57},"end":{"line":39,"column":null}}],"line":39},"6":{"loc":{"start":{"line":43,"column":8},"end":{"line":44,"column":null}},"type":"if","locations":[{"start":{"line":43,"column":8},"end":{"line":44,"column":null}},{"start":{},"end":{}}],"line":43},"7":{"loc":{"start":{"line":47,"column":13},"end":{"line":52,"column":null}},"type":"if","locations":[{"start":{"line":47,"column":13},"end":{"line":52,"column":null}},{"start":{"line":50,"column":13},"end":{"line":52,"column":null}}],"line":47},"8":{"loc":{"start":{"line":74,"column":8},"end":{"line":76,"column":null}},"type":"if","locations":[{"start":{"line":74,"column":8},"end":{"line":76,"column":null}},{"start":{},"end":{}}],"line":74},"9":{"loc":{"start":{"line":90,"column":4},"end":{"line":103,"column":null}},"type":"if","locations":[{"start":{"line":90,"column":4},"end":{"line":103,"column":null}},{"start":{"line":102,"column":11},"end":{"line":103,"column":null}}],"line":90},"10":{"loc":{"start":{"line":113,"column":4},"end":{"line":118,"column":null}},"type":"if","locations":[{"start":{"line":113,"column":4},"end":{"line":118,"column":null}},{"start":{"line":117,"column":11},"end":{"line":118,"column":null}}],"line":113},"11":{"loc":{"start":{"line":114,"column":6},"end":{"line":115,"column":null}},"type":"if","locations":[{"start":{"line":114,"column":6},"end":{"line":115,"column":null}},{"start":{},"end":{}}],"line":114},"12":{"loc":{"start":{"line":114,"column":10},"end":{"line":114,"column":66}},"type":"binary-expr","locations":[{"start":{"line":114,"column":10},"end":{"line":114,"column":43}},{"start":{"line":114,"column":43},"end":{"line":114,"column":66}}],"line":114},"13":{"loc":{"start":{"line":117,"column":11},"end":{"line":118,"column":null}},"type":"if","locations":[{"start":{"line":117,"column":11},"end":{"line":118,"column":null}},{"start":{},"end":{}}],"line":117},"14":{"loc":{"start":{"line":125,"column":2},"end":{"line":152,"column":null}},"type":"if","locations":[{"start":{"line":125,"column":2},"end":{"line":152,"column":null}},{"start":{},"end":{}}],"line":125},"15":{"loc":{"start":{"line":125,"column":6},"end":{"line":125,"column":70}},"type":"binary-expr","locations":[{"start":{"line":125,"column":6},"end":{"line":125,"column":33}},{"start":{"line":125,"column":37},"end":{"line":125,"column":70}}],"line":125},"16":{"loc":{"start":{"line":127,"column":4},"end":{"line":152,"column":null}},"type":"if","locations":[{"start":{"line":127,"column":4},"end":{"line":152,"column":null}},{"start":{},"end":{}}],"line":127},"17":{"loc":{"start":{"line":139,"column":6},"end":{"line":152,"column":null}},"type":"if","locations":[{"start":{"line":139,"column":6},"end":{"line":152,"column":null}},{"start":{},"end":{}}],"line":139},"18":{"loc":{"start":{"line":139,"column":10},"end":{"line":139,"column":43}},"type":"binary-expr","locations":[{"start":{"line":139,"column":10},"end":{"line":139,"column":33}},{"start":{"line":139,"column":33},"end":{"line":139,"column":43}}],"line":139},"19":{"loc":{"start":{"line":143,"column":8},"end":{"line":148,"column":null}},"type":"if","locations":[{"start":{"line":143,"column":8},"end":{"line":148,"column":null}},{"start":{"line":145,"column":15},"end":{"line":148,"column":null}}],"line":143},"20":{"loc":{"start":{"line":145,"column":15},"end":{"line":148,"column":null}},"type":"if","locations":[{"start":{"line":145,"column":15},"end":{"line":148,"column":null}},{"start":{},"end":{}}],"line":145}},"s":{"0":1,"1":1,"2":1,"3":1,"4":1,"5":1,"6":1,"7":0,"8":0,"9":0,"10":0,"11":0,"12":0,"13":0,"14":0,"15":0,"16":0,"17":0,"18":0,"19":0,"20":0,"21":0,"22":0,"23":0,"24":1,"25":1,"26":1,"27":3,"28":3,"29":3,"30":3,"31":1,"32":1,"33":1,"34":1,"35":1,"36":1,"37":1,"38":1,"39":1,"40":1,"41":1,"42":1,"43":0,"44":0,"45":0,"46":0,"47":0,"48":0,"49":0,"50":0,"51":3,"52":3,"53":3,"54":5,"55":5,"56":2,"57":2,"58":3,"59":3,"60":3,"61":0,"62":0,"63":0,"64":0,"65":0,"66":0,"67":0,"68":0,"69":0,"70":0,"71":0,"72":0,"73":0,"74":0,"75":0,"76":0,"77":0,"78":0},"f":{"0":1,"1":0,"2":1,"3":3,"4":0,"5":0,"6":0,"7":0},"b":{"0":[1,1],"1":[1,0],"2":[0,0],"3":[0,0],"4":[0,0],"5":[0,0],"6":[0,0],"7":[0,0],"8":[1,0],"9":[0,0],"10":[2,3],"11":[2,0],"12":[2,2],"13":[3,0],"14":[0,0],"15":[0,0],"16":[0,0],"17":[0,0],"18":[0,0],"19":[0,0],"20":[0,0]},"meta":{"lastBranch":21,"lastFunction":8,"lastStatement":79,"seen":{"s:10:31:55:Infinity":0,"f:19:10:19:17":0,"s:20:20:20:33":1,"s:21:16:21:Infinity":2,"b:21:16:21:31:21:31:21:Infinity":0,"s:22:19:22:38":3,"s:24:4:52:Infinity":4,"b:25:6:33:Infinity:27:13:33:Infinity":1,"s:25:6:33:Infinity":5,"s:26:8:26:Infinity":6,"s:28:8:28:Infinity":7,"s:29:14:30:Infinity":8,"b:30:80:30:93:30:93:30:Infinity":2,"b:29:14:30:32:30:32:30:77":3,"s:32:8:32:Infinity":9,"s:33:8:33:Infinity":10,"b:36:6:52:Infinity:47:13:52:Infinity":4,"s:36:6:52:Infinity":11,"s:37:8:37:Infinity":12,"s:38:8:41:Infinity":13,"f:38:21:38:30":1,"s:39:27:39:Infinity":14,"b:39:38:39:57:39:57:39:Infinity":5,"s:40:10:40:Infinity":15,"b:43:8:44:Infinity:undefined:undefined:undefined:undefined":6,"s:43:8:44:Infinity":16,"s:44:10:44:Infinity":17,"s:46:8:46:Infinity":18,"b:47:13:52:Infinity:50:13:52:Infinity":7,"s:47:13:52:Infinity":19,"s:48:8:48:Infinity":20,"s:49:8:49:Infinity":21,"s:51:8:51:Infinity":22,"s:52:8:52:Infinity":23,"f:57:15:57:28":2,"s:58:2:58:Infinity":24,"s:61:20:61:48":25,"s:62:2:79:Infinity":26,"s:63:4:79:Infinity":27,"s:64:22:64:54":28,"s:65:6:76:Infinity":29,"s:66:8:66:Infinity":30,"s:68:8:68:Infinity":31,"s:69:14:69:44":32,"s:70:8:70:Infinity":33,"s:71:8:71:Infinity":34,"s:73:26:73:97":35,"b:74:8:76:Infinity:undefined:undefined:undefined:undefined":8,"s:74:8:76:Infinity":36,"s:75:10:75:Infinity":37,"s:76:10:76:Infinity":38,"s:85:17:85:36":39,"s:86:2:103:Infinity":40,"s:87:4:87:Infinity":41,"s:88:4:88:Infinity":42,"b:90:4:103:Infinity:102:11:103:Infinity":9,"s:90:4:103:Infinity":43,"s:91:6:92:Infinity":44,"s:92:8:92:Infinity":45,"s:96:6:100:Infinity":46,"s:97:8:97:Infinity":47,"s:98:8:98:Infinity":48,"s:100:8:100:Infinity":49,"s:103:6:103:Infinity":50,"f:108:15:108:29":3,"s:109:18:109:64":51,"s:110:24:110:26":52,"s:111:2:118:Infinity":53,"s:112:16:112:45":54,"b:113:4:118:Infinity:117:11:118:Infinity":10,"s:113:4:118:Infinity":55,"b:114:6:115:Infinity:undefined:undefined:undefined:undefined":11,"s:114:6:115:Infinity":56,"b:114:10:114:43:114:43:114:66":12,"s:115:8:115:Infinity":57,"b:117:11:118:Infinity:undefined:undefined:undefined:undefined":13,"s:117:11:118:Infinity":58,"s:118:6:118:Infinity":59,"s:121:2:121:Infinity":60,"f:124:15:124:35":4,"b:125:2:152:Infinity:undefined:undefined:undefined:undefined":14,"s:125:2:152:Infinity":61,"b:125:6:125:33:125:37:125:70":15,"s:126:18:126:59":62,"b:127:4:152:Infinity:undefined:undefined:undefined:undefined":16,"s:127:4:152:Infinity":63,"s:128:18:128:Infinity":64,"s:129:6:129:Infinity":65,"s:131:21:137:8":66,"b:139:6:152:Infinity:undefined:undefined:undefined:undefined":17,"s:139:6:152:Infinity":67,"b:139:10:139:33:139:33:139:43":18,"s:140:25:140:53":68,"s:141:24:141:72":69,"b:143:8:148:Infinity:145:15:148:Infinity":19,"s:143:8:148:Infinity":70,"s:144:10:144:Infinity":71,"f:144:40:144:48":5,"s:144:59:144:73":72,"b:145:15:148:Infinity:undefined:undefined:undefined:undefined":20,"s:145:15:148:Infinity":73,"s:146:10:148:Infinity":74,"f:146:28:146:37":6,"s:147:12:147:Infinity":75,"f:147:32:147:40":7,"s:147:51:147:65":76,"s:151:8:151:Infinity":77,"s:152:8:152:Infinity":78}}}
,"W:\\01_PURE_CODE\\2026_PROJECTS\\playson-workspace\\playson\\src\\core\\assertion-engine.ts": {"path":"W:\\01_PURE_CODE\\2026_PROJECTS\\playson-workspace\\playson\\src\\core\\assertion-engine.ts","statementMap":{"0":{"start":{"line":8,"column":12},"end":{"line":8,"column":55}},"1":{"start":{"line":9,"column":0},"end":{"line":9,"column":null}},"2":{"start":{"line":15,"column":4},"end":{"line":15,"column":null}},"3":{"start":{"line":23,"column":4},"end":{"line":26,"column":null}},"4":{"start":{"line":24,"column":17},"end":{"line":24,"column":null}},"5":{"start":{"line":25,"column":6},"end":{"line":26,"column":null}},"6":{"start":{"line":26,"column":8},"end":{"line":26,"column":null}},"7":{"start":{"line":35,"column":23},"end":{"line":35,"column":70}},"8":{"start":{"line":36,"column":4},"end":{"line":40,"column":null}},"9":{"start":{"line":37,"column":6},"end":{"line":40,"column":null}},"10":{"start":{"line":53,"column":4},"end":{"line":53,"column":null}},"11":{"start":{"line":53,"column":37},"end":{"line":53,"column":null}},"12":{"start":{"line":55,"column":19},"end":{"line":55,"column":43}},"13":{"start":{"line":56,"column":4},"end":{"line":57,"column":null}},"14":{"start":{"line":57,"column":6},"end":{"line":57,"column":null}},"15":{"start":{"line":60,"column":18},"end":{"line":60,"column":44}},"16":{"start":{"line":61,"column":4},"end":{"line":66,"column":null}},"17":{"start":{"line":62,"column":21},"end":{"line":62,"column":37}},"18":{"start":{"line":63,"column":6},"end":{"line":66,"column":null}},"19":{"start":{"line":64,"column":8},"end":{"line":64,"column":null}},"20":{"start":{"line":66,"column":8},"end":{"line":66,"column":null}},"21":{"start":{"line":81,"column":6},"end":{"line":83,"column":50}},"22":{"start":{"line":85,"column":4},"end":{"line":91,"column":null}},"23":{"start":{"line":86,"column":6},"end":{"line":86,"column":null}},"24":{"start":{"line":88,"column":6},"end":{"line":91,"column":null}},"25":{"start":{"line":89,"column":8},"end":{"line":89,"column":null}},"26":{"start":{"line":91,"column":8},"end":{"line":91,"column":null}},"27":{"start":{"line":101,"column":14},"end":{"line":101,"column":28}},"28":{"start":{"line":103,"column":4},"end":{"line":167,"column":null}},"29":{"start":{"line":105,"column":8},"end":{"line":105,"column":null}},"30":{"start":{"line":107,"column":8},"end":{"line":107,"column":null}},"31":{"start":{"line":109,"column":8},"end":{"line":109,"column":null}},"32":{"start":{"line":111,"column":8},"end":{"line":111,"column":null}},"33":{"start":{"line":113,"column":8},"end":{"line":113,"column":null}},"34":{"start":{"line":115,"column":8},"end":{"line":115,"column":null}},"35":{"start":{"line":117,"column":8},"end":{"line":117,"column":null}},"36":{"start":{"line":119,"column":8},"end":{"line":119,"column":null}},"37":{"start":{"line":121,"column":8},"end":{"line":121,"column":null}},"38":{"start":{"line":123,"column":8},"end":{"line":123,"column":null}},"39":{"start":{"line":125,"column":8},"end":{"line":125,"column":null}},"40":{"start":{"line":127,"column":8},"end":{"line":127,"column":null}},"41":{"start":{"line":129,"column":8},"end":{"line":129,"column":null}},"42":{"start":{"line":131,"column":8},"end":{"line":131,"column":null}},"43":{"start":{"line":133,"column":8},"end":{"line":133,"column":null}},"44":{"start":{"line":135,"column":8},"end":{"line":135,"column":null}},"45":{"start":{"line":137,"column":8},"end":{"line":137,"column":null}},"46":{"start":{"line":139,"column":8},"end":{"line":139,"column":null}},"47":{"start":{"line":141,"column":8},"end":{"line":141,"column":null}},"48":{"start":{"line":143,"column":8},"end":{"line":143,"column":null}},"49":{"start":{"line":145,"column":8},"end":{"line":145,"column":null}},"50":{"start":{"line":147,"column":8},"end":{"line":147,"column":null}},"51":{"start":{"line":149,"column":8},"end":{"line":149,"column":null}},"52":{"start":{"line":151,"column":8},"end":{"line":151,"column":null}},"53":{"start":{"line":153,"column":8},"end":{"line":153,"column":null}},"54":{"start":{"line":155,"column":8},"end":{"line":155,"column":null}},"55":{"start":{"line":157,"column":8},"end":{"line":157,"column":null}},"56":{"start":{"line":159,"column":8},"end":{"line":159,"column":null}},"57":{"start":{"line":161,"column":8},"end":{"line":161,"column":null}},"58":{"start":{"line":162,"column":8},"end":{"line":162,"column":null}},"59":{"start":{"line":163,"column":8},"end":{"line":163,"column":null}},"60":{"start":{"line":164,"column":8},"end":{"line":164,"column":null}},"61":{"start":{"line":167,"column":8},"end":{"line":167,"column":null}}},"fnMap":{"0":{"name":"(anonymous_0)","decl":{"start":{"line":14,"column":9},"end":{"line":14,"column":19}},"loc":{"start":{"line":14,"column":54},"end":{"line":15,"column":null}},"line":14},"1":{"name":"(anonymous_1)","decl":{"start":{"line":22,"column":9},"end":{"line":22,"column":25}},"loc":{"start":{"line":22,"column":52},"end":{"line":26,"column":null}},"line":22},"2":{"name":"(anonymous_2)","decl":{"start":{"line":34,"column":9},"end":{"line":34,"column":25}},"loc":{"start":{"line":34,"column":76},"end":{"line":40,"column":null}},"line":34},"3":{"name":"(anonymous_3)","decl":{"start":{"line":47,"column":15},"end":{"line":47,"column":null}},"loc":{"start":{"line":52,"column":19},"end":{"line":66,"column":null}},"line":52},"4":{"name":"(anonymous_4)","decl":{"start":{"line":74,"column":15},"end":{"line":74,"column":null}},"loc":{"start":{"line":79,"column":19},"end":{"line":91,"column":null}},"line":79},"5":{"name":"(anonymous_5)","decl":{"start":{"line":96,"column":17},"end":{"line":96,"column":null}},"loc":{"start":{"line":100,"column":10},"end":{"line":167,"column":null}},"line":100}},"branchMap":{"0":{"loc":{"start":{"line":25,"column":6},"end":{"line":26,"column":null}},"type":"if","locations":[{"start":{"line":25,"column":6},"end":{"line":26,"column":null}},{"start":{},"end":{}}],"line":25},"1":{"loc":{"start":{"line":35,"column":23},"end":{"line":35,"column":70}},"type":"cond-expr","locations":[{"start":{"line":35,"column":49},"end":{"line":35,"column":60}},{"start":{"line":35,"column":60},"end":{"line":35,"column":70}}],"line":35},"2":{"loc":{"start":{"line":36,"column":4},"end":{"line":40,"column":null}},"type":"if","locations":[{"start":{"line":36,"column":4},"end":{"line":40,"column":null}},{"start":{},"end":{}}],"line":36},"3":{"loc":{"start":{"line":53,"column":4},"end":{"line":53,"column":null}},"type":"if","locations":[{"start":{"line":53,"column":4},"end":{"line":53,"column":null}},{"start":{},"end":{}}],"line":53},"4":{"loc":{"start":{"line":56,"column":4},"end":{"line":57,"column":null}},"type":"if","locations":[{"start":{"line":56,"column":4},"end":{"line":57,"column":null}},{"start":{},"end":{}}],"line":56},"5":{"loc":{"start":{"line":61,"column":4},"end":{"line":66,"column":null}},"type":"if","locations":[{"start":{"line":61,"column":4},"end":{"line":66,"column":null}},{"start":{},"end":{}}],"line":61},"6":{"loc":{"start":{"line":62,"column":21},"end":{"line":62,"column":37}},"type":"binary-expr","locations":[{"start":{"line":62,"column":21},"end":{"line":62,"column":35}},{"start":{"line":62,"column":35},"end":{"line":62,"column":37}}],"line":62},"7":{"loc":{"start":{"line":63,"column":6},"end":{"line":66,"column":null}},"type":"if","locations":[{"start":{"line":63,"column":6},"end":{"line":66,"column":null}},{"start":{"line":65,"column":13},"end":{"line":66,"column":null}}],"line":63},"8":{"loc":{"start":{"line":81,"column":6},"end":{"line":83,"column":50}},"type":"cond-expr","locations":[{"start":{"line":82,"column":10},"end":{"line":82,"column":60}},{"start":{"line":83,"column":10},"end":{"line":83,"column":50}}],"line":81},"9":{"loc":{"start":{"line":88,"column":6},"end":{"line":91,"column":null}},"type":"if","locations":[{"start":{"line":88,"column":6},"end":{"line":91,"column":null}},{"start":{"line":90,"column":13},"end":{"line":91,"column":null}}],"line":88},"10":{"loc":{"start":{"line":103,"column":4},"end":{"line":167,"column":null}},"type":"switch","locations":[{"start":{"line":104,"column":6},"end":{"line":105,"column":null}},{"start":{"line":106,"column":6},"end":{"line":107,"column":null}},{"start":{"line":108,"column":6},"end":{"line":109,"column":null}},{"start":{"line":110,"column":6},"end":{"line":111,"column":null}},{"start":{"line":112,"column":6},"end":{"line":113,"column":null}},{"start":{"line":114,"column":6},"end":{"line":115,"column":null}},{"start":{"line":116,"column":6},"end":{"line":117,"column":null}},{"start":{"line":118,"column":6},"end":{"line":119,"column":null}},{"start":{"line":120,"column":6},"end":{"line":121,"column":null}},{"start":{"line":122,"column":6},"end":{"line":123,"column":null}},{"start":{"line":124,"column":6},"end":{"line":125,"column":null}},{"start":{"line":126,"column":6},"end":{"line":127,"column":null}},{"start":{"line":128,"column":6},"end":{"line":129,"column":null}},{"start":{"line":130,"column":6},"end":{"line":131,"column":null}},{"start":{"line":132,"column":6},"end":{"line":133,"column":null}},{"start":{"line":134,"column":6},"end":{"line":135,"column":null}},{"start":{"line":136,"column":6},"end":{"line":137,"column":null}},{"start":{"line":138,"column":6},"end":{"line":139,"column":null}},{"start":{"line":140,"column":6},"end":{"line":141,"column":null}},{"start":{"line":142,"column":6},"end":{"line":143,"column":null}},{"start":{"line":144,"column":6},"end":{"line":145,"column":null}},{"start":{"line":146,"column":6},"end":{"line":147,"column":null}},{"start":{"line":148,"column":6},"end":{"line":149,"column":null}},{"start":{"line":150,"column":6},"end":{"line":151,"column":null}},{"start":{"line":152,"column":6},"end":{"line":153,"column":null}},{"start":{"line":154,"column":6},"end":{"line":155,"column":null}},{"start":{"line":156,"column":6},"end":{"line":157,"column":null}},{"start":{"line":158,"column":6},"end":{"line":159,"column":null}},{"start":{"line":160,"column":6},"end":{"line":164,"column":null}},{"start":{"line":166,"column":6},"end":{"line":167,"column":null}}],"line":103}},"s":{"0":3,"1":3,"2":2,"3":2,"4":3,"5":3,"6":2,"7":3,"8":3,"9":1,"10":5,"11":1,"12":4,"13":4,"14":0,"15":4,"16":4,"17":2,"18":2,"19":1,"20":1,"21":22,"22":22,"23":22,"24":4,"25":1,"26":3,"27":22,"28":22,"29":4,"30":1,"31":0,"32":1,"33":1,"34":0,"35":0,"36":1,"37":0,"38":0,"39":0,"40":0,"41":0,"42":1,"43":0,"44":1,"45":1,"46":0,"47":1,"48":0,"49":1,"50":1,"51":1,"52":0,"53":1,"54":1,"55":1,"56":1,"57":3,"58":3,"59":3,"60":3,"61":0},"f":{"0":3,"1":3,"2":3,"3":3,"4":3,"5":3},"b":{"0":[2,1],"1":[2,1],"2":[1,2],"3":[1,4],"4":[0,4],"5":[2,2],"6":[2,0],"7":[1,1],"8":[0,22],"9":[1,3],"10":[4,1,0,1,1,0,0,1,0,0,0,0,0,1,0,1,1,0,1,0,1,1,1,0,1,1,1,1,3,0]},"meta":{"lastBranch":11,"lastFunction":6,"lastStatement":62,"seen":{"s:8:12:8:55":0,"s:9:0:9:Infinity":1,"f:14:9:14:19":0,"s:15:4:15:Infinity":2,"f:22:9:22:25":1,"s:23:4:26:Infinity":3,"s:24:17:24:Infinity":4,"b:25:6:26:Infinity:undefined:undefined:undefined:undefined":0,"s:25:6:26:Infinity":5,"s:26:8:26:Infinity":6,"f:34:9:34:25":2,"s:35:23:35:70":7,"b:35:49:35:60:35:60:35:70":1,"b:36:4:40:Infinity:undefined:undefined:undefined:undefined":2,"s:36:4:40:Infinity":8,"s:37:6:40:Infinity":9,"f:47:15:47:Infinity":3,"b:53:4:53:Infinity:undefined:undefined:undefined:undefined":3,"s:53:4:53:Infinity":10,"s:53:37:53:Infinity":11,"s:55:19:55:43":12,"b:56:4:57:Infinity:undefined:undefined:undefined:undefined":4,"s:56:4:57:Infinity":13,"s:57:6:57:Infinity":14,"s:60:18:60:44":15,"b:61:4:66:Infinity:undefined:undefined:undefined:undefined":5,"s:61:4:66:Infinity":16,"s:62:21:62:37":17,"b:62:21:62:35:62:35:62:37":6,"b:63:6:66:Infinity:65:13:66:Infinity":7,"s:63:6:66:Infinity":18,"s:64:8:64:Infinity":19,"s:66:8:66:Infinity":20,"f:74:15:74:Infinity":4,"s:81:6:83:50":21,"b:82:10:82:60:83:10:83:50":8,"s:85:4:91:Infinity":22,"s:86:6:86:Infinity":23,"b:88:6:91:Infinity:90:13:91:Infinity":9,"s:88:6:91:Infinity":24,"s:89:8:89:Infinity":25,"s:91:8:91:Infinity":26,"f:96:17:96:Infinity":5,"s:101:14:101:28":27,"b:104:6:105:Infinity:106:6:107:Infinity:108:6:109:Infinity:110:6:111:Infinity:112:6:113:Infinity:114:6:115:Infinity:116:6:117:Infinity:118:6:119:Infinity:120:6:121:Infinity:122:6:123:Infinity:124:6:125:Infinity:126:6:127:Infinity:128:6:129:Infinity:130:6:131:Infinity:132:6:133:Infinity:134:6:135:Infinity:136:6:137:Infinity:138:6:139:Infinity:140:6:141:Infinity:142:6:143:Infinity:144:6:145:Infinity:146:6:147:Infinity:148:6:149:Infinity:150:6:151:Infinity:152:6:153:Infinity:154:6:155:Infinity:156:6:157:Infinity:158:6:159:Infinity:160:6:164:Infinity:166:6:167:Infinity":10,"s:103:4:167:Infinity":28,"s:105:8:105:Infinity":29,"s:107:8:107:Infinity":30,"s:109:8:109:Infinity":31,"s:111:8:111:Infinity":32,"s:113:8:113:Infinity":33,"s:115:8:115:Infinity":34,"s:117:8:117:Infinity":35,"s:119:8:119:Infinity":36,"s:121:8:121:Infinity":37,"s:123:8:123:Infinity":38,"s:125:8:125:Infinity":39,"s:127:8:127:Infinity":40,"s:129:8:129:Infinity":41,"s:131:8:131:Infinity":42,"s:133:8:133:Infinity":43,"s:135:8:135:Infinity":44,"s:137:8:137:Infinity":45,"s:139:8:139:Infinity":46,"s:141:8:141:Infinity":47,"s:143:8:143:Infinity":48,"s:145:8:145:Infinity":49,"s:147:8:147:Infinity":50,"s:149:8:149:Infinity":51,"s:151:8:151:Infinity":52,"s:153:8:153:Infinity":53,"s:155:8:155:Infinity":54,"s:157:8:157:Infinity":55,"s:159:8:159:Infinity":56,"s:161:8:161:Infinity":57,"s:162:8:162:Infinity":58,"s:163:8:163:Infinity":59,"s:164:8:164:Infinity":60,"s:167:8:167:Infinity":61}}}
,"W:\\01_PURE_CODE\\2026_PROJECTS\\playson-workspace\\playson\\src\\core\\extraction-engine.ts": {"path":"W:\\01_PURE_CODE\\2026_PROJECTS\\playson-workspace\\playson\\src\\core\\extraction-engine.ts","statementMap":{"0":{"start":{"line":18,"column":6},"end":{"line":20,"column":51}},"1":{"start":{"line":22,"column":4},"end":{"line":25,"column":null}},"2":{"start":{"line":23,"column":6},"end":{"line":25,"column":null}},"3":{"start":{"line":28,"column":4},"end":{"line":28,"column":null}}},"fnMap":{"0":{"name":"(anonymous_0)","decl":{"start":{"line":11,"column":9},"end":{"line":11,"column":null}},"loc":{"start":{"line":16,"column":10},"end":{"line":28,"column":null}},"line":16}},"branchMap":{"0":{"loc":{"start":{"line":18,"column":6},"end":{"line":20,"column":51}},"type":"cond-expr","locations":[{"start":{"line":19,"column":10},"end":{"line":19,"column":61}},{"start":{"line":20,"column":10},"end":{"line":20,"column":51}}],"line":18},"1":{"loc":{"start":{"line":22,"column":4},"end":{"line":25,"column":null}},"type":"if","locations":[{"start":{"line":22,"column":4},"end":{"line":25,"column":null}},{"start":{},"end":{}}],"line":22}},"s":{"0":4,"1":4,"2":1,"3":3},"f":{"0":2},"b":{"0":[1,3],"1":[1,3]},"meta":{"lastBranch":2,"lastFunction":1,"lastStatement":4,"seen":{"f:11:9:11:Infinity":0,"s:18:6:20:51":0,"b:19:10:19:61:20:10:20:51":0,"b:22:4:25:Infinity:undefined:undefined:undefined:undefined":1,"s:22:4:25:Infinity":1,"s:23:6:25:Infinity":2,"s:28:4:28:Infinity":3}}}
,"W:\\01_PURE_CODE\\2026_PROJECTS\\playson-workspace\\playson\\src\\core\\handler-runner.ts": {"path":"W:\\01_PURE_CODE\\2026_PROJECTS\\playson-workspace\\playson\\src\\core\\handler-runner.ts","statementMap":{"0":{"start":{"line":29,"column":4},"end":{"line":34,"column":null}},"1":{"start":{"line":30,"column":18},"end":{"line":30,"column":36}},"2":{"start":{"line":31,"column":6},"end":{"line":32,"column":null}},"3":{"start":{"line":32,"column":8},"end":{"line":32,"column":null}},"4":{"start":{"line":34,"column":6},"end":{"line":34,"column":null}}},"fnMap":{"0":{"name":"(anonymous_0)","decl":{"start":{"line":24,"column":15},"end":{"line":24,"column":null}},"loc":{"start":{"line":28,"column":19},"end":{"line":34,"column":null}},"line":28}},"branchMap":{"0":{"loc":{"start":{"line":31,"column":6},"end":{"line":32,"column":null}},"type":"if","locations":[{"start":{"line":31,"column":6},"end":{"line":32,"column":null}},{"start":{},"end":{}}],"line":31}},"s":{"0":3,"1":4,"2":4,"3":1,"4":3},"f":{"0":2},"b":{"0":[1,3]},"meta":{"lastBranch":1,"lastFunction":1,"lastStatement":5,"seen":{"f:24:15:24:Infinity":0,"s:29:4:34:Infinity":0,"s:30:18:30:36":1,"b:31:6:32:Infinity:undefined:undefined:undefined:undefined":0,"s:31:6:32:Infinity":2,"s:32:8:32:Infinity":3,"s:34:6:34:Infinity":4}}}
,"W:\\01_PURE_CODE\\2026_PROJECTS\\playson-workspace\\playson\\src\\core\\http-executor.ts": {"path":"W:\\01_PURE_CODE\\2026_PROJECTS\\playson-workspace\\playson\\src\\core\\http-executor.ts","statementMap":{"0":{"start":{"line":10,"column":12},"end":{"line":10,"column":null}},"1":{"start":{"line":11,"column":12},"end":{"line":11,"column":null}},"2":{"start":{"line":12,"column":12},"end":{"line":12,"column":null}},"3":{"start":{"line":19,"column":21},"end":{"line":19,"column":95}},"4":{"start":{"line":20,"column":16},"end":{"line":20,"column":null}},"5":{"start":{"line":21,"column":20},"end":{"line":21,"column":81}},"6":{"start":{"line":22,"column":20},"end":{"line":22,"column":57}},"7":{"start":{"line":24,"column":4},"end":{"line":29,"column":null}},"8":{"start":{"line":33,"column":4},"end":{"line":36,"column":null}},"9":{"start":{"line":34,"column":27},"end":{"line":34,"column":82}},"10":{"start":{"line":40,"column":19},"end":{"line":40,"column":33}},"11":{"start":{"line":41,"column":4},"end":{"line":43,"column":null}},"12":{"start":{"line":42,"column":6},"end":{"line":42,"column":null}},"13":{"start":{"line":43,"column":6},"end":{"line":43,"column":null}},"14":{"start":{"line":45,"column":4},"end":{"line":45,"column":null}},"15":{"start":{"line":49,"column":4},"end":{"line":50,"column":null}},"16":{"start":{"line":50,"column":6},"end":{"line":50,"column":null}},"17":{"start":{"line":53,"column":44},"end":{"line":53,"column":null}},"18":{"start":{"line":54,"column":19},"end":{"line":54,"column":42}},"19":{"start":{"line":55,"column":4},"end":{"line":56,"column":null}},"20":{"start":{"line":56,"column":6},"end":{"line":56,"column":null}},"21":{"start":{"line":59,"column":10},"end":{"line":59,"column":71}},"22":{"start":{"line":61,"column":4},"end":{"line":61,"column":null}}},"fnMap":{"0":{"name":"(anonymous_0)","decl":{"start":{"line":9,"column":2},"end":{"line":9,"column":null}},"loc":{"start":{"line":13,"column":4},"end":{"line":12,"column":null}},"line":13},"1":{"name":"(anonymous_1)","decl":{"start":{"line":18,"column":8},"end":{"line":18,"column":16}},"loc":{"start":{"line":18,"column":58},"end":{"line":29,"column":null}},"line":18},"2":{"name":"(anonymous_2)","decl":{"start":{"line":32,"column":2},"end":{"line":32,"column":10}},"loc":{"start":{"line":32,"column":81},"end":{"line":36,"column":null}},"line":32},"3":{"name":"(anonymous_3)","decl":{"start":{"line":33,"column":34},"end":{"line":33,"column":null}},"loc":{"start":{"line":34,"column":27},"
[...]
ed:undefined:undefined:undefined":10,"s:93:8:94:Infinity":26,"s:94:10:94:Infinity":27,"s:96:30:96:91":28,"f:96:38:96:43":6,"s:96:58:96:91":29,"b:96:78:96:82:96:82:96:91":11,"s:98:8:123:Infinity":30,"f:101:10:101:17":7,"s:102:12:102:Infinity":31,"b:103:12:104:Infinity:undefined:undefined:undefined:undefined":12,"s:103:12:104:Infinity":32,"s:104:14:104:Infinity":33,"s:107:27:107:57":34,"s:108:12:108:Infinity":35,"s:111:18:111:79":36,"b:111:47:111:69:111:69:111:71":13,"s:112:12:112:Infinity":37,"s:114:12:120:Infinity":38,"s:115:14:115:Infinity":39,"s:117:14:117:Infinity":40,"s:118:14:118:Infinity":41,"s:120:14:120:Infinity":42,"f:132:15:132:Infinity":8,"s:140:19:140:86":43,"s:142:2:230:Infinity":44,"s:142:15:142:18":45,"s:143:17:143:Infinity":46,"b:145:4:145:Infinity:undefined:undefined:undefined:undefined":14,"s:145:4:145:Infinity":47,"s:145:23:145:Infinity":48,"b:146:4:146:Infinity:undefined:undefined:undefined:undefined":15,"s:146:4:146:Infinity":49,"s:146:23:146:Infinity":50,"s:148:4:230:Infinity":51,"f:148:32:148:44":9,"b:149:6:149:Infinity:undefined:undefined:undefined:undefined":16,"s:149:6:149:Infinity":52,"s:149:21:149:Infinity":53,"s:151:6:151:Infinity":54,"s:154:12:154:76":55,"s:156:23:159:24":56,"s:161:19:161:48":57,"s:162:38:162:40":58,"s:165:6:165:Infinity":59,"b:168:6:169:Infinity:undefined:undefined:undefined:undefined":17,"s:168:6:169:Infinity":60,"s:169:8:169:Infinity":61,"s:173:6:179:Infinity":62,"b:173:30:173:70:173:70:173:72":18,"s:174:25:174:56":63,"s:175:34:178:Infinity":64,"b:177:49:177:82:177:85:177:Infinity":19,"s:179:8:179:Infinity":65,"s:183:6:184:Infinity":66,"b:183:31:183:56:183:56:183:58":20,"s:184:8:184:Infinity":67,"b:188:6:208:Infinity:undefined:undefined:undefined:undefined":21,"s:188:6:208:Infinity":68,"b:188:10:188:27:188:27:188:53":22,"s:189:36:207:Infinity":69,"f:195:12:195:18":10,"s:195:35:195:50":70,"f:196:12:196:18":11,"s:196:59:196:Infinity":71,"f:198:10:198:16":12,"s:198:36:198:71":72,"f:199:10:199:17":13,"s:200:12:200:Infinity":73,"s:201:12:201:Infinity":74,"f:203:10:203:18":14,"s:204:12:204:Infinity":75,"s:205:12:205:Infinity":76,"b:205:45:205:55:205:55:205:81":23,"s:208:8:208:Infinity":77,"s:212:6:228:Infinity":78,"s:213:26:213:Infinity":79,"b:214:8:220:Infinity:216:15:220:Infinity":24,"s:214:8:220:Infinity":80,"s:215:10:215:Infinity":81,"b:216:15:220:Infinity:219:15:220:Infinity":25,"s:216:15:220:Infinity":82,"s:218:10:218:Infinity":83,"s:220:10:220:Infinity":84,"s:223:8:223:Infinity":85,"s:225:8:228:Infinity":86}}}
,"W:\\01_PURE_CODE\\2026_PROJECTS\\playson-workspace\\playson\\src\\core\\variable-store.ts": {"path":"W:\\01_PURE_CODE\\2026_PROJECTS\\playson-workspace\\playson\\src\\core\\variable-store.ts","statementMap":{"0":{"start":{"line":4,"column":52},"end":{"line":8,"column":null}},"1":{"start":{"line":5,"column":20},"end":{"line":5,"column":30}},"2":{"start":{"line":6,"column":18},"end":{"line":6,"column":42}},"3":{"start":{"line":7,"column":15},"end":{"line":7,"column":null}},"4":{"start":{"line":11,"column":45},"end":{"line":16,"column":null}},"5":{"start":{"line":22,"column":4},"end":{"line":22,"column":null}},"6":{"start":{"line":29,"column":4},"end":{"line":29,"column":null}},"7":{"start":{"line":37,"column":4},"end":{"line":38,"column":null}},"8":{"start":{"line":38,"column":6},"end":{"line":38,"column":null}},"9":{"start":{"line":41,"column":30},"end":{"line":41,"column":null}},"10":{"start":{"line":42,"column":4},"end":{"line":44,"column":null}},"11":{"start":{"line":43,"column":6},"end":{"line":44,"column":null}},"12":{"start":{"line":44,"column":8},"end":{"line":44,"column":null}},"13":{"start":{"line":48,"column":4},"end":{"line":48,"column":null}},"14":{"start":{"line":55,"column":4},"end":{"line":55,"column":null}},"15":{"start":{"line":62,"column":4},"end":{"line":67,"column":null}}},"fnMap":{"0":{"name":"(anonymous_0)","decl":{"start":{"line":5,"column":2},"end":{"line":5,"column":20}},"loc":{"start":{"line":5,"column":20},"end":{"line":5,"column":30}},"line":5},"1":{"name":"(anonymous_1)","decl":{"start":{"line":6,"column":2},"end":{"line":6,"column":18}},"loc":{"start":{"line":6,"column":18},"end":{"line":6,"column":42}},"line":6},"2":{"name":"(anonymous_2)","decl":{"start":{"line":7,"column":2},"end":{"line":7,"column":15}},"loc":{"start":{"line":7,"column":15},"end":{"line":7,"column":null}},"line":7},"3":{"name":"(anonymous_3)","decl":{"start":{"line":21,"column":2},"end":{"line":21,"column":7}},"loc":{"start":{"line":21,"column":44},"end":{"line":22,"column":null}},"line":21},"4":{"name":"(anonymous_4)","decl":{"start":{"line":28,"column":2},"end":{"line":28,"column":6}},"loc":{"start":{"line":28,"column":26},"end":{"line":29,"column":null}},"line":28},"5":{"name":"(anonymous_5)","decl":{"start":{"line":36,"column":2},"end":{"line":36,"column":6}},"loc":{"start":{"line":36,"column":47},"end":{"line":48,"column":null}},"line":36},"6":{"name":"(anonymous_6)","decl":{"start":{"line":54,"column":2},"end":{"line":54,"column":6}},"loc":{"start":{"line":54,"column":52},"end":{"line":55,"column":null}},"line":54},"7":{"name":"(anonymous_7)","decl":{"start":{"line":61,"column":2},"end":{"line":61,"column":24}},"loc":{"start":{"line":61,"column":24},"end":{"line":67,"column":null}},"line":61}},"branchMap":{"0":{"loc":{"start":{"line":37,"column":4},"end":{"line":38,"column":null}},"type":"if","locations":[{"start":{"line":37,"column":4},"end":{"line":38,"column":null}},{"start":{},"end":{}}],"line":37},"1":{"loc":{"start":{"line":43,"column":6},"end":{"line":44,"column":null}},"type":"if","locations":[{"start":{"line":43,"column":6},"end":{"line":44,"column":null}},{"start":{},"end":{}}],"line":43}},"s":{"0":6,"1":1,"2":1,"3":1,"4":21,"5":13,"6":4,"7":36,"8":3,"9":33,"10":33,"11":114,"12":27,"13":6,"14":4,"15":2},"f":{"0":1,"1":1,"2":1,"3":13,"4":4,"5":36,"6":4,"7":2},"b":{"0":[3,33],"1":[27,87]},"meta":{"lastBranch":2,"lastFunction":8,"lastStatement":16,"seen":{"s:4:52:8:Infinity":0,"f:5:2:5:20":0,"s:5:20:5:30":1,"f:6:2:6:18":1,"s:6:18:6:42":2,"f:7:2:7:15":2,"s:7:15:7:Infinity":3,"s:11:45:16:Infinity":4,"f:21:2:21:7":3,"s:22:4:22:Infinity":5,"f:28:2:28:6":4,"s:29:4:29:Infinity":6,"f:36:2:36:6":5,"b:37:4:38:Infinity:undefined:undefined:undefined:undefined":0,"s:37:4:38:Infinity":7,"s:38:6:38:Infinity":8,"s:41:30:41:Infinity":9,"s:42:4:44:Infinity":10,"b:43:6:44:Infinity:undefined:undefined:undefined:undefined":1,"s:43:6:44:Infinity":11,"s:44:8:44:Infinity":12,"s:48:4:48:Infinity":13,"f:54:2:54:6":6,"s:55:4:55:Infinity":14,"f:61:2:61:24":7,"s:62:4:67:Infinity":15}}}
,"W:\\01_PURE_CODE\\2026_PROJECTS\\playson-workspace\\playson\\src\\errors\\index.ts": {"path":"W:\\01_PURE_CODE\\2026_PROJECTS\\playson-workspace\\playson\\src\\errors\\index.ts","statementMap":{"0":{"start":{"line":4,"column":4},"end":{"line":4,"column":null}},"1":{"start":{"line":5,"column":4},"end":{"line":5,"column":null}},"2":{"start":{"line":10,"column":18},"end":{"line":10,"column":null}},"3":{"start":{"line":15,"column":4},"end":{"line":15,"column":null}},"4":{"start":{"line":13,"column":11},"end":{"line":13,"column":null}},"5":{"start":{"line":21,"column":22},"end":{"line":21,"column":70}},"6":{"start":{"line":21,"column":40},"end":{"line":21,"column":59}},"7":{"start":{"line":22,"column":4},"end":{"line":22,"column":null}},"8":{"start":{"line":20,"column":21},"end":{"line":20,"column":42}},"9":{"start":{"line":23,"column":4},"end":{"line":23,"column":null}},"10":{"start":{"line":28,"column":18},"end":{"line":28,"column":null}},"11":{"start":{"line":33,"column":4},"end":{"line":33,"column":null}},"12":{"start":{"line":30,"column":11},"end":{"line":30,"column":null}},"13":{"start":{"line":31,"column":11},"end":{"line":31,"column":null}},"14":{"start":{"line":38,"column":18},"end":{"line":38,"column":null}},"15":{"start":{"line":43,"column":4},"end":{"line":43,"column":null}},"16":{"start":{"line":40,"column":11},"end":{"line":40,"column":null}},"17":{"start":{"line":41,"column":11},"end":{"line":41,"column":null}},"18":{"start":{"line":48,"column":18},"end":{"line":48,"column":null}},"19":{"start":{"line":50,"column":4},"end":{"line":50,"column":null}},"20":{"start":{"line":55,"column":18},"end":{"line":55,"column":null}},"21":{"start":{"line":60,"column":4},"end":{"line":60,"column":null}},"22":{"start":{"line":57,"column":11},"end":{"line":57,"column":null}},"23":{"start":{"line":58,"column":11},"end":{"line":58,"column":null}}},"fnMap":{"0":{"name":"(anonymous_0)","decl":{"start":{"line":3,"column":2},"end":{"line":3,"column":14}},"loc":{"start":{"line":3,"column":31},"end":{"line":5,"column":null}},"line":3},"1":{"name":"(anonymous_1)","decl":{"start":{"line":11,"column":2},"end":{"line":11,"column":null}},"loc":{"start":{"line":14,"column":4},"end":{"line":13,"column":null}},"line":14},"2":{"name":"(anonymous_2)","decl":{"start":{"line":20,"column":2},"end":{"line":20,"column":14}},"loc":{"start":{"line":20,"column":42},"end":{"line":23,"column":null}},"line":20},"3":{"name":"(anonymous_3)","decl":{"start":{"line":21,"column":29},"end":{"line":21,"column":34}},"loc":{"start":{"line":21,"column":40},"end":{"line":21,"column":59}},"line":21},"4":{"name":"(anonymous_4)","decl":{"start":{"line":29,"column":2},"end":{"line":29,"column":null}},"loc":{"start":{"line":32,"column":4},"end":{"line":31,"column":null}},"line":32},"5":{"name":"(anonymous_5)","decl":{"start":{"line":39,"column":2},"end":{"line":39,"column":null}},"loc":{"start":{"line":42,"column":4},"end":{"line":41,"column":null}},"line":42},"6":{"name":"(anonymous_6)","decl":{"start":{"line":49,"column":2},"end":{"line":49,"column":14}},"loc":{"start":{"line":49,"column":31},"end":{"line":50,"column":null}},"line":49},"7":{"name":"(anonymous_7)","decl":{"start":{"line":56,"column":2},"end":{"line":56,"column":null}},"loc":{"start":{"line":59,"column":4},"end":{"line":58,"column":null}},"line":59}},"branchMap":{"0":{"loc":{"start":{"line":15,"column":10},"end":{"line":15,"column":56}},"type":"cond-expr","locations":[{"start":{"line":15,"column":17},"end":{"line":15,"column":48}},{"start":{"line":15,"column":48},"end":{"line":15,"column":56}}],"line":15},"1":{"loc":{"start":{"line":43,"column":50},"end":{"line":43,"column":79}},"type":"cond-expr","locations":[{"start":{"line":43,"column":58},"end":{"line":43,"column":74}},{"start":{"line":43,"column":74},"end":{"line":43,"column":79}}],"line":43}},"s":{"0":14,"1":14,"2":3,"3":3,"4":3,"5":0,"6":0,"7":0,"8":0,"9":0,"10":5,"11":5,"12":5,"13":5,"14":4,"15":4,"16":4,"17":4,"18":1,"19":1,"20":1,"21":1,"22":1,"23":1},"f":{"0":14,"1":3,"2":0,"3":0,"4":5,"5":4,"6":1,"7":1},"b":{"0":[2,1],"1":[4,0]},"meta":{"lastBranch":2,"lastFunction":8,"lastStatement":24,"seen":{"f:3:2:3:14":0,"s:4:4:4:Infinity":0,"s:5:4:5:Infinity":1,"s:10:18:10:Infinity":2,"f:11:2:11:Infinity":1,"s:15:4:15:Infinity":3,"b:15:17:15:48:15:48:15:56":0,"s:13:11:13:Infinity":4,"f:20:2:20:14":2,"s:21:22:21:70":5,"f:21:29:21:34":3,"s:21:40:21:59":6,"s:22:4:22:Infinity":7,"s:20:21:20:42":8,"s:23:4:23:Infinity":9,"s:28:18:28:Infinity":10,"f:29:2:29:Infinity":4,"s:33:4:33:Infinity":11,"s:30:11:30:Infinity":12,"s:31:11:31:Infinity":13,"s:38:18:38:Infinity":14,"f:39:2:39:Infinity":5,"s:43:4:43:Infinity":15,"b:43:58:43:74:43:74:43:79":1,"s:40:11:40:Infinity":16,"s:41:11:41:Infinity":17,"s:48:18:48:Infinity":18,"f:49:2:49:14":6,"s:50:4:50:Infinity":19,"s:55:18:55:Infinity":20,"f:56:2:56:Infinity":7,"s:60:4:60:Infinity":21,"s:57:11:57:Infinity":22,"s:58:11:58:Infinity":23}}}
,"W:\\01_PURE_CODE\\2026_PROJECTS\\playson-workspace\\playson\\src\\path\\index.ts": {"path":"W:\\01_PURE_CODE\\2026_PROJECTS\\playson-workspace\\playson\\src\\path\\index.ts","statementMap":{"0":{"start":{"line":11,"column":4},"end":{"line":12,"column":null}},"1":{"start":{"line":12,"column":6},"end":{"line":12,"column":null}},"2":{"start":{"line":14,"column":4},"end":{"line":14,"column":null}},"3":{"start":{"line":18,"column":10},"end":{"line":18,"column":63}},"4":{"start":{"line":21,"column":4},"end":{"line":22,"column":null}},"5":{"start":{"line":22,"column":6},"end":{"line":22,"column":null}},"6":{"start":{"line":26,"column":4},"end":{"line":26,"column":null}},"7":{"start":{"line":30,"column":4},"end":{"line":30,"column":null}},"8":{"start":{"line":34,"column":19},"end":{"line":34,"column":48}},"9":{"start":{"line":36,"column":4},"end":{"line":36,"column":null}},"10":{"start":{"line":43,"column":4},"end":{"line":43,"column":null}},"11":{"start":{"line":47,"column":26},"end":{"line":47,"column":42}}},"fnMap":{"0":{"name":"(anonymous_0)","decl":{"start":{"line":10,"column":2},"end":{"line":10,"column":10}},"loc":{"start":{"line":10,"column":50},"end":{"line":14,"column":null}},"line":10},"1":{"name":"(anonymous_1)","decl":{"start":{"line":17,"column":2},"end":{"line":17,"column":10}},"loc":{"start":{"line":17,"column":62},"end":{"line":26,"column":null}},"line":17},"2":{"name":"(anonymous_2)","decl":{"start":{"line":29,"column":2},"end":{"line":29,"column":10}},"loc":{"start":{"line":29,"column":52},"end":{"line":30,"column":null}},"line":29},"3":{"name":"(anonymous_3)","decl":{"start":{"line":33,"column":2},"end":{"line":33,"column":10}},"loc":{"start":{"line":33,"column":66},"end":{"line":36,"column":null}},"line":33},"4":{"name":"(anonymous_4)","decl":{"start":{"line":42,"column":2},"end":{"line":42,"column":16}},"loc":{"start":{"line":42,"column":72},"end":{"line":43,"column":null}},"line":42}},"branchMap":{"0":{"loc":{"start":{"line":11,"column":4},"end":{"line":12,"column":null}},"type":"if","locations":[{"start":{"line":11,"column":4},"end":{"line":12,"column":null}},{"start":{},"end":{}}],"line":11},"1":{"loc":{"start":{"line":21,"column":4},"end":{"line":22,"column":null}},"type":"if","locations":[{"start":{"line":21,"column":4},"end":{"line":22,"column":null}},{"start":{},"end":{}}],"line":21},"2":{"loc":{"start":{"line":26,"column":11},"end":{"line":26,"column":null}},"type":"cond-expr","locations":[{"start":{"line":26,"column":33},"end":{"line":26,"column":45}},{"start":{"line":26,"column":45},"end":{"line":26,"column":null}}],"line":26},"3":{"loc":{"start":{"line":36,"column":11},"end":{"line":36,"column":null}},"type":"cond-expr","locations":[{"start":{"line":36,"column":29},"end":{"line":36,"column":41}},{"start":{"line":36,"column":41},"end":{"line":36,"column":null}}],"line":36}},"s":{"0":31,"1":7,"2":24,"3":7,"4":7,"5":1,"6":6,"7":7,"8":24,"9":24,"10":2,"11":5},"f":{"0":31,"1":7,"2":7,"3":24,"4":2},"b":{"0":[7,24],"1":[1,6],"2":[5,1],"3":[4,20]},"meta":{"lastBranch":4,"lastFunction":5,"lastStatement":12,"seen":{"f:10:2:10:10":0,"b:11:4:12:Infinity:undefined:undefined:undefined:undefined":0,"s:11:4:12:Infinity":0,"s:12:6:12:Infinity":1,"s:14:4:14:Infinity":2,"f:17:2:17:10":1,"s:18:10:18:63":3,"b:21:4:22:Infinity:undefined:undefined:undefined:undefined":1,"s:21:4:22:Infinity":4,"s:22:6:22:Infinity":5,"s:26:4:26:Infinity":6,"b:26:33:26:45:26:45:26:Infinity":2,"f:29:2:29:10":2,"s:30:4:30:Infinity":7,"f:33:2:33:10":3,"s:34:19:34:48":8,"s:36:4:36:Infinity":9,"b:36:29:36:41:36:41:36:Infinity":3,"f:42:2:42:16":4,"s:43:4:43:Infinity":10,"s:47:26:47:42":11}}}
,"W:\\01_PURE_CODE\\2026_PROJECTS\\playson-workspace\\playson\\src\\types\\index.ts": {"path":"W:\\01_PURE_CODE\\2026_PROJECTS\\playson-workspace\\playson\\src\\types\\index.ts","statementMap":{"0":{"start":{"line":178,"column":31},"end":{"line":178,"column":60}},"1":{"start":{"line":180,"column":37},"end":{"line":186,"column":20}},"2":{"start":{"line":188,"column":36},"end":{"line":192,"column":2}},"3":{"start":{"line":194,"column":34},"end":{"line":201,"column":2}},"4":{"start":{"line":203,"column":40},"end":{"line":233,"column":2}},"5":{"start":{"line":235,"column":31},"end":{"line":242,"column":2}},"6":{"start":{"line":244,"column":36},"end":{"line":249,"column":2}},"7":{"start":{"line":251,"column":25},"end":{"line":259,"column":2}},"8":{"start":{"line":261,"column":25},"end":{"line":273,"column":2}},"9":{"start":{"line":275,"column":36},"end":{"line":284,"column":2}},"10":{"start":{"line":286,"column":40},"end":{"line":289,"column":2}},"11":{"start":{"line":291,"column":30},"end":{"line":291,"column":87}},"12":{"start":{"line":293,"column":30},"end":{"line":302,"column":2}},"13":{"start":{"line":304,"column":31},"end":{"line":313,"column":2}},"14":{"start":{"line":315,"column":29},"end":{"line":322,"column":2}},"15":{"start":{"line":324,"column":42},"end":{"line":328,"column":2}}},"fnMap":{},"branchMap":{},"s":{"0":4,"1":4,"2":4,"3":4,"4":4,"5":4,"6":4,"7":4,"8":4,"9":4,"10":4,"11":4,"12":4,"13":4,"14":4,"15":4},"f":{},"b":{},"meta":{"lastBranch":0,"lastFunction":0,"lastStatement":16,"seen":{"s:178:31:178:60":0,"s:180:37:186:20":1,"s:188:36:192:2":2,"s:194:34:201:2":3,"s:203:40:233:2":4,"s:235:31:242:2":5,"s:244:36:249:2":6,"s:251:25:259:2":7,"s:261:25:273:2":8,"s:275:36:284:2":9,"s:286:40:289:2":10,"s:291:30:291:87":11,"s:293:30:302:2":12,"s:304:31:313:2":13,"s:315:29:322:2":14,"s:324:42:328:2":15}}}
,"W:\\01_PURE_CODE\\2026_PROJECTS\\playson-workspace\\playson\\src\\utils\\is-gen-object.ts": {"path":"W:\\01_PURE_CODE\\2026_PROJECTS\\playson-workspace\\playson\\src\\utils\\is-gen-object.ts","statementMap":{"0":{"start":{"line":7,"column":2},"end":{"line":12,"column":null}}},"fnMap":{"0":{"name":"isGenObject","decl":{"start":{"line":6,"column":16},"end":{"line":6,"column":28}},"loc":{"start":{"line":6,"column":70},"end":{"line":12,"column":null}},"line":6}},"branchMap":{"0":{"loc":{"start":{"line":8,"column":4},"end":{"line":12,"column":null}},"type":"binary-expr","locations":[{"start":{"line":8,"column":4},"end":{"line":8,"column":null}},{"start":{"line":9,"column":4},"end":{"line":9,"column":null}},{"start":{"line":10,"column":4},"end":{"line":10,"column":25}},{"start":{"line":11,"column":4},"end":{"line":11,"column":null}},{"start":{"line":12,"column":4},"end":{"line":12,"column":null}}],"line":8}},"s":{"0":138},"f":{"0":138},"b":{"0":[138,102,102,101,47]},"meta":{"lastBranch":1,"lastFunction":1,"lastStatement":1,"seen":{"f:6:16:6:28":0,"s:7:2:12:Infinity":0,"b:8:4:8:Infinity:9:4:9:Infinity:10:4:10:25:11:4:11:Infinity:12:4:12:Infinity":0}}}
,"W:\\01_PURE_CODE\\2026_PROJECTS\\playson-workspace\\playson\\src\\utils\\safe-parse-json.ts": {"path":"W:\\01_PURE_CODE\\2026_PROJECTS\\playson-workspace\\playson\\src\\utils\\safe-parse-json.ts","statementMap":{"0":{"start":{"line":8,"column":15},"end":{"line":8,"column":36}},"1":{"start":{"line":9,"column":2},"end":{"line":12,"column":null}},"2":{"start":{"line":10,"column":4},"end":{"line":10,"column":null}},"3":{"start":{"line":12,"column":4},"end":{"line":12,"column":null}}},"fnMap":{"0":{"name":"safeParseJson","decl":{"start":{"line":7,"column":22},"end":{"line":7,"column":36}},"loc":{"start":{"line":7,"column":77},"end":{"line":12,"column":null}},"line":7}},"branchMap":{},"s":{"0":0,"1":0,"2":0,"3":0},"f":{"0":0},"b":{},"meta":{"lastBranch":0,"lastFunction":1,"lastStatement":4,"seen":{"f:7:22:7:36":0,"s:8:15:8:36":0,"s:9:2:12:Infinity":1,"s:10:4:10:Infinity":2,"s:12:4:12:Infinity":3}}}
,"W:\\01_PURE_CODE\\2026_PROJECTS\\playson-workspace\\playson\\src\\utils\\sleep.ts": {"path":"W:\\01_PURE_CODE\\2026_PROJECTS\\playson-workspace\\playson\\src\\utils\\sleep.ts","statementMap":{"0":{"start":{"line":1,"column":13},"end":{"line":1,"column":93}},"1":{"start":{"line":1,"column":52},"end":{"line":1,"column":93}},"2":{"start":{"line":1,"column":73},"end":{"line":1,"column":92}}},"fnMap":{"0":{"name":"(anonymous_0)","decl":{"start":{"line":1,"column":13},"end":{"line":1,"column":22}},"loc":{"start":{"line":1,"column":52},"end":{"line":1,"column":93}},"line":1},"1":{"name":"(anonymous_1)","decl":{"start":{"line":1,"column":56},"end":{"line":1,"column":65}},"loc":{"start":{"line":1,"column":73},"end":{"line":1,"column":92}},"line":1}},"branchMap":{},"s":{"0":1,"1":0,"2":0},"f":{"0":0,"1":0},"b":{},"meta":{"lastBranch":0,"lastFunction":2,"lastStatement":3,"seen":{"s:1:13:1:93":0,"f:1:13:1:22":0,"s:1:52:1:93":1,"f:1:56:1:65":1,"s:1:73:1:92":2}}}
}
